{"/Users/kenzgf/Documents/GitHub/penn-housing-review/penn-housing-review/Backend/DbOperations.js": {"path":"/Users/kenzgf/Documents/GitHub/penn-housing-review/penn-housing-review/Backend/DbOperations.js","statementMap":{"0":{"start":{"line":1,"column":34},"end":{"line":1,"column":52}},"1":{"start":{"line":2,"column":14},"end":{"line":2,"column":111}},"2":{"start":{"line":5,"column":16},"end":{"line":18,"column":1}},"3":{"start":{"line":7,"column":2},"end":{"line":17,"column":3}},"4":{"start":{"line":8,"column":4},"end":{"line":11,"column":7}},"5":{"start":{"line":13,"column":4},"end":{"line":13,"column":73}},"6":{"start":{"line":14,"column":4},"end":{"line":14,"column":27}},"7":{"start":{"line":16,"column":4},"end":{"line":16,"column":29}},"8":{"start":{"line":20,"column":14},"end":{"line":26,"column":3}},"9":{"start":{"line":22,"column":4},"end":{"line":24,"column":5}},"10":{"start":{"line":23,"column":6},"end":{"line":23,"column":22}},"11":{"start":{"line":25,"column":4},"end":{"line":25,"column":32}},"12":{"start":{"line":32,"column":31},"end":{"line":34,"column":1}},"13":{"start":{"line":33,"column":4},"end":{"line":33,"column":34}},"14":{"start":{"line":36,"column":21},"end":{"line":46,"column":1}},"15":{"start":{"line":37,"column":2},"end":{"line":45,"column":3}},"16":{"start":{"line":39,"column":15},"end":{"line":39,"column":28}},"17":{"start":{"line":40,"column":19},"end":{"line":40,"column":94}},"18":{"start":{"line":42,"column":4},"end":{"line":42,"column":18}},"19":{"start":{"line":44,"column":4},"end":{"line":44,"column":41}},"20":{"start":{"line":48,"column":19},"end":{"line":58,"column":1}},"21":{"start":{"line":49,"column":2},"end":{"line":57,"column":3}},"22":{"start":{"line":51,"column":15},"end":{"line":51,"column":28}},"23":{"start":{"line":52,"column":19},"end":{"line":52,"column":94}},"24":{"start":{"line":54,"column":4},"end":{"line":54,"column":18}},"25":{"start":{"line":56,"column":4},"end":{"line":56,"column":41}},"26":{"start":{"line":60,"column":20},"end":{"line":73,"column":1}},"27":{"start":{"line":61,"column":2},"end":{"line":72,"column":3}},"28":{"start":{"line":63,"column":15},"end":{"line":63,"column":28}},"29":{"start":{"line":64,"column":4},"end":{"line":64,"column":20}},"30":{"start":{"line":65,"column":19},"end":{"line":68,"column":5}},"31":{"start":{"line":69,"column":4},"end":{"line":69,"column":18}},"32":{"start":{"line":71,"column":4},"end":{"line":71,"column":41}},"33":{"start":{"line":75,"column":0},"end":{"line":82,"column":2}}},"fnMap":{"0":{"name":"(anonymous_0)","decl":{"start":{"line":5,"column":16},"end":{"line":5,"column":17}},"loc":{"start":{"line":5,"column":28},"end":{"line":18,"column":1}},"line":5},"1":{"name":"(anonymous_1)","decl":{"start":{"line":20,"column":14},"end":{"line":20,"column":15}},"loc":{"start":{"line":20,"column":26},"end":{"line":26,"column":3}},"line":20},"2":{"name":"(anonymous_2)","decl":{"start":{"line":32,"column":31},"end":{"line":32,"column":32}},"loc":{"start":{"line":32,"column":43},"end":{"line":34,"column":1}},"line":32},"3":{"name":"(anonymous_3)","decl":{"start":{"line":36,"column":21},"end":{"line":36,"column":22}},"loc":{"start":{"line":36,"column":35},"end":{"line":46,"column":1}},"line":36},"4":{"name":"(anonymous_4)","decl":{"start":{"line":48,"column":19},"end":{"line":48,"column":20}},"loc":{"start":{"line":48,"column":33},"end":{"line":58,"column":1}},"line":48},"5":{"name":"(anonymous_5)","decl":{"start":{"line":60,"column":20},"end":{"line":60,"column":21}},"loc":{"start":{"line":60,"column":41},"end":{"line":73,"column":1}},"line":60}},"branchMap":{"0":{"loc":{"start":{"line":22,"column":4},"end":{"line":24,"column":5}},"type":"if","locations":[{"start":{"line":22,"column":4},"end":{"line":24,"column":5}},{"start":{},"end":{}}],"line":22}},"s":{"0":2,"1":2,"2":2,"3":2,"4":2,"5":2,"6":2,"7":0,"8":2,"9":3,"10":0,"11":3,"12":2,"13":2,"14":2,"15":1,"16":1,"17":1,"18":1,"19":0,"20":2,"21":1,"22":1,"23":1,"24":1,"25":0,"26":2,"27":1,"28":1,"29":1,"30":1,"31":1,"32":0,"33":2},"f":{"0":2,"1":3,"2":2,"3":1,"4":1,"5":1},"b":{"0":[0,3]},"_coverageSchema":"1a1c01bbd47fc00a2c39e90264f33305004495a9","hash":"583cb821136f61eae917ec1e2c16e1c43f7e5fd9"}
,"/Users/kenzgf/Documents/GitHub/penn-housing-review/penn-housing-review/Backend/server.js": {"path":"/Users/kenzgf/Documents/GitHub/penn-housing-review/penn-housing-review/Backend/server.js","statementMap":{"0":{"start":{"line":1,"column":16},"end":{"line":1,"column":34}},"1":{"start":{"line":2,"column":15},"end":{"line":2,"column":24}},"2":{"start":{"line":3,"column":14},"end":{"line":3,"column":39}},"3":{"start":{"line":4,"column":13},"end":{"line":4,"column":28}},"4":{"start":{"line":5,"column":0},"end":{"line":5,"column":19}},"5":{"start":{"line":6,"column":0},"end":{"line":6,"column":49}},"6":{"start":{"line":8,"column":0},"end":{"line":10,"column":3}},"7":{"start":{"line":9,"column":4},"end":{"line":9,"column":72}},"8":{"start":{"line":12,"column":0},"end":{"line":25,"column":5}},"9":{"start":{"line":13,"column":4},"end":{"line":24,"column":5}},"10":{"start":{"line":15,"column":22},"end":{"line":15,"column":61}},"11":{"start":{"line":16,"column":6},"end":{"line":19,"column":7}},"12":{"start":{"line":17,"column":8},"end":{"line":17,"column":61}},"13":{"start":{"line":18,"column":8},"end":{"line":18,"column":15}},"14":{"start":{"line":21,"column":6},"end":{"line":21,"column":46}},"15":{"start":{"line":23,"column":6},"end":{"line":23,"column":59}},"16":{"start":{"line":27,"column":0},"end":{"line":40,"column":5}},"17":{"start":{"line":28,"column":4},"end":{"line":39,"column":5}},"18":{"start":{"line":30,"column":22},"end":{"line":30,"column":59}},"19":{"start":{"line":31,"column":6},"end":{"line":34,"column":7}},"20":{"start":{"line":32,"column":8},"end":{"line":32,"column":61}},"21":{"start":{"line":33,"column":8},"end":{"line":33,"column":15}},"22":{"start":{"line":36,"column":6},"end":{"line":36,"column":46}},"23":{"start":{"line":38,"column":6},"end":{"line":38,"column":59}},"24":{"start":{"line":42,"column":0},"end":{"line":53,"column":5}},"25":{"start":{"line":43,"column":4},"end":{"line":43,"column":35}},"26":{"start":{"line":44,"column":4},"end":{"line":44,"column":31}},"27":{"start":{"line":45,"column":4},"end":{"line":52,"column":5}},"28":{"start":{"line":46,"column":21},"end":{"line":46,"column":82}},"29":{"start":{"line":47,"column":6},"end":{"line":47,"column":41}},"30":{"start":{"line":49,"column":6},"end":{"line":49,"column":48}},"31":{"start":{"line":51,"column":6},"end":{"line":51,"column":59}},"32":{"start":{"line":55,"column":0},"end":{"line":55,"column":24}}},"fnMap":{"0":{"name":"(anonymous_0)","decl":{"start":{"line":8,"column":16},"end":{"line":8,"column":17}},"loc":{"start":{"line":8,"column":30},"end":{"line":10,"column":1}},"line":8},"1":{"name":"(anonymous_1)","decl":{"start":{"line":12,"column":30},"end":{"line":12,"column":31}},"loc":{"start":{"line":12,"column":50},"end":{"line":25,"column":3}},"line":12},"2":{"name":"(anonymous_2)","decl":{"start":{"line":27,"column":27},"end":{"line":27,"column":28}},"loc":{"start":{"line":27,"column":47},"end":{"line":40,"column":3}},"line":27},"3":{"name":"(anonymous_3)","decl":{"start":{"line":42,"column":27},"end":{"line":42,"column":28}},"loc":{"start":{"line":42,"column":47},"end":{"line":53,"column":3}},"line":42}},"branchMap":{"0":{"loc":{"start":{"line":16,"column":6},"end":{"line":19,"column":7}},"type":"if","locations":[{"start":{"line":16,"column":6},"end":{"line":19,"column":7}},{"start":{},"end":{}}],"line":16},"1":{"loc":{"start":{"line":31,"column":6},"end":{"line":34,"column":7}},"type":"if","locations":[{"start":{"line":31,"column":6},"end":{"line":34,"column":7}},{"start":{},"end":{}}],"line":31}},"s":{"0":2,"1":2,"2":2,"3":2,"4":2,"5":2,"6":2,"7":0,"8":2,"9":1,"10":1,"11":1,"12":0,"13":0,"14":1,"15":0,"16":2,"17":1,"18":1,"19":1,"20":0,"21":0,"22":1,"23":0,"24":2,"25":1,"26":1,"27":1,"28":1,"29":1,"30":1,"31":0,"32":2},"f":{"0":0,"1":1,"2":1,"3":1},"b":{"0":[0,1],"1":[0,1]},"_coverageSchema":"1a1c01bbd47fc00a2c39e90264f33305004495a9","hash":"db06bacbba676d08e0a3e1109fef6761c170a4ab"}
}
