{"/Users/jie/Desktop/penn-housing/penn-housing-review/Backend/DbOperations.js": {"path":"/Users/jie/Desktop/penn-housing/penn-housing-review/Backend/DbOperations.js","statementMap":{"0":{"start":{"line":10,"column":24},"end":{"line":10,"column":42}},"1":{"start":{"line":11,"column":21},"end":{"line":11,"column":39}},"2":{"start":{"line":14,"column":14},"end":{"line":14,"column":111}},"3":{"start":{"line":23,"column":16},"end":{"line":35,"column":1}},"4":{"start":{"line":24,"column":4},"end":{"line":34,"column":5}},"5":{"start":{"line":25,"column":8},"end":{"line":28,"column":15}},"6":{"start":{"line":30,"column":8},"end":{"line":30,"column":31}},"7":{"start":{"line":33,"column":8},"end":{"line":33,"column":64}},"8":{"start":{"line":40,"column":26},"end":{"line":42,"column":1}},"9":{"start":{"line":41,"column":4},"end":{"line":41,"column":34}},"10":{"start":{"line":47,"column":14},"end":{"line":53,"column":1}},"11":{"start":{"line":49,"column":4},"end":{"line":51,"column":5}},"12":{"start":{"line":50,"column":8},"end":{"line":50,"column":24}},"13":{"start":{"line":52,"column":4},"end":{"line":52,"column":32}},"14":{"start":{"line":58,"column":20},"end":{"line":69,"column":1}},"15":{"start":{"line":59,"column":4},"end":{"line":68,"column":5}},"16":{"start":{"line":61,"column":19},"end":{"line":61,"column":32}},"17":{"start":{"line":62,"column":24},"end":{"line":62,"column":71}},"18":{"start":{"line":64,"column":8},"end":{"line":64,"column":23}},"19":{"start":{"line":67,"column":8},"end":{"line":67,"column":62}},"20":{"start":{"line":74,"column":37},"end":{"line":85,"column":1}},"21":{"start":{"line":75,"column":4},"end":{"line":84,"column":5}},"22":{"start":{"line":77,"column":19},"end":{"line":77,"column":32}},"23":{"start":{"line":78,"column":30},"end":{"line":78,"column":101}},"24":{"start":{"line":80,"column":8},"end":{"line":80,"column":29}},"25":{"start":{"line":83,"column":8},"end":{"line":83,"column":78}},"26":{"start":{"line":90,"column":34},"end":{"line":101,"column":1}},"27":{"start":{"line":91,"column":4},"end":{"line":100,"column":5}},"28":{"start":{"line":93,"column":19},"end":{"line":93,"column":32}},"29":{"start":{"line":94,"column":31},"end":{"line":94,"column":96}},"30":{"start":{"line":96,"column":8},"end":{"line":96,"column":30}},"31":{"start":{"line":99,"column":8},"end":{"line":99,"column":74}},"32":{"start":{"line":106,"column":24},"end":{"line":117,"column":1}},"33":{"start":{"line":107,"column":4},"end":{"line":116,"column":5}},"34":{"start":{"line":109,"column":19},"end":{"line":109,"column":32}},"35":{"start":{"line":110,"column":30},"end":{"line":110,"column":121}},"36":{"start":{"line":111,"column":8},"end":{"line":111,"column":104}},"37":{"start":{"line":112,"column":8},"end":{"line":112,"column":29}},"38":{"start":{"line":115,"column":8},"end":{"line":115,"column":91}},"39":{"start":{"line":122,"column":23},"end":{"line":136,"column":1}},"40":{"start":{"line":123,"column":4},"end":{"line":135,"column":5}},"41":{"start":{"line":125,"column":19},"end":{"line":125,"column":32}},"42":{"start":{"line":126,"column":25},"end":{"line":129,"column":9}},"43":{"start":{"line":131,"column":8},"end":{"line":131,"column":24}},"44":{"start":{"line":134,"column":8},"end":{"line":134,"column":57}},"45":{"start":{"line":141,"column":19},"end":{"line":152,"column":1}},"46":{"start":{"line":142,"column":4},"end":{"line":151,"column":5}},"47":{"start":{"line":144,"column":19},"end":{"line":144,"column":32}},"48":{"start":{"line":145,"column":25},"end":{"line":145,"column":69}},"49":{"start":{"line":146,"column":8},"end":{"line":146,"column":65}},"50":{"start":{"line":147,"column":8},"end":{"line":147,"column":24}},"51":{"start":{"line":150,"column":8},"end":{"line":150,"column":58}},"52":{"start":{"line":163,"column":0},"end":{"line":163,"column":46}},"53":{"start":{"line":166,"column":0},"end":{"line":166,"column":40}},"54":{"start":{"line":168,"column":0},"end":{"line":178,"column":2}}},"fnMap":{"0":{"name":"(anonymous_0)","decl":{"start":{"line":23,"column":16},"end":{"line":23,"column":17}},"loc":{"start":{"line":23,"column":28},"end":{"line":35,"column":1}},"line":23},"1":{"name":"(anonymous_1)","decl":{"start":{"line":40,"column":26},"end":{"line":40,"column":27}},"loc":{"start":{"line":40,"column":38},"end":{"line":42,"column":1}},"line":40},"2":{"name":"(anonymous_2)","decl":{"start":{"line":47,"column":14},"end":{"line":47,"column":15}},"loc":{"start":{"line":47,"column":26},"end":{"line":53,"column":1}},"line":47},"3":{"name":"(anonymous_3)","decl":{"start":{"line":58,"column":20},"end":{"line":58,"column":21}},"loc":{"start":{"line":58,"column":32},"end":{"line":69,"column":1}},"line":58},"4":{"name":"(anonymous_4)","decl":{"start":{"line":74,"column":37},"end":{"line":74,"column":38}},"loc":{"start":{"line":74,"column":60},"end":{"line":85,"column":1}},"line":74},"5":{"name":"(anonymous_5)","decl":{"start":{"line":90,"column":34},"end":{"line":90,"column":35}},"loc":{"start":{"line":90,"column":54},"end":{"line":101,"column":1}},"line":90},"6":{"name":"(anonymous_6)","decl":{"start":{"line":106,"column":24},"end":{"line":106,"column":25}},"loc":{"start":{"line":106,"column":57},"end":{"line":117,"column":1}},"line":106},"7":{"name":"(anonymous_7)","decl":{"start":{"line":122,"column":23},"end":{"line":122,"column":24}},"loc":{"start":{"line":122,"column":51},"end":{"line":136,"column":1}},"line":122},"8":{"name":"(anonymous_8)","decl":{"start":{"line":141,"column":19},"end":{"line":141,"column":20}},"loc":{"start":{"line":141,"column":35},"end":{"line":152,"column":1}},"line":141}},"branchMap":{"0":{"loc":{"start":{"line":49,"column":4},"end":{"line":51,"column":5}},"type":"if","locations":[{"start":{"line":49,"column":4},"end":{"line":51,"column":5}},{"start":{},"end":{}}],"line":49}},"s":{"0":3,"1":3,"2":3,"3":3,"4":9,"5":9,"6":8,"7":0,"8":3,"9":0,"10":3,"11":9,"12":6,"13":8,"14":3,"15":1,"16":1,"17":1,"18":1,"19":0,"20":3,"21":1,"22":1,"23":1,"24":1,"25":0,"26":3,"27":4,"28":4,"29":4,"30":3,"31":0,"32":3,"33":0,"34":0,"35":0,"36":0,"37":0,"38":0,"39":3,"40":3,"41":3,"42":2,"43":1,"44":0,"45":3,"46":0,"47":0,"48":0,"49":0,"50":0,"51":0,"52":3,"53":3,"54":3},"f":{"0":9,"1":0,"2":9,"3":1,"4":1,"5":4,"6":0,"7":3,"8":0},"b":{"0":[6,3]},"_coverageSchema":"1a1c01bbd47fc00a2c39e90264f33305004495a9","hash":"bc8ca6dac9208c2f864274e4f1290186f9ccee63"}
,"/Users/jie/Desktop/penn-housing/penn-housing-review/Backend/server.js": {"path":"/Users/jie/Desktop/penn-housing/penn-housing-review/Backend/server.js","statementMap":{"0":{"start":{"line":6,"column":16},"end":{"line":6,"column":34}},"1":{"start":{"line":8,"column":13},"end":{"line":8,"column":28}},"2":{"start":{"line":10,"column":15},"end":{"line":10,"column":24}},"3":{"start":{"line":12,"column":0},"end":{"line":12,"column":19}},"4":{"start":{"line":14,"column":0},"end":{"line":14,"column":51}},"5":{"start":{"line":17,"column":14},"end":{"line":17,"column":39}},"6":{"start":{"line":22,"column":0},"end":{"line":42,"column":3}},"7":{"start":{"line":23,"column":21},"end":{"line":23,"column":47}},"8":{"start":{"line":24,"column":24},"end":{"line":24,"column":53}},"9":{"start":{"line":26,"column":4},"end":{"line":41,"column":5}},"10":{"start":{"line":28,"column":8},"end":{"line":36,"column":9}},"11":{"start":{"line":29,"column":12},"end":{"line":29,"column":73}},"12":{"start":{"line":30,"column":15},"end":{"line":36,"column":9}},"13":{"start":{"line":31,"column":12},"end":{"line":31,"column":70}},"14":{"start":{"line":32,"column":15},"end":{"line":36,"column":9}},"15":{"start":{"line":33,"column":12},"end":{"line":33,"column":76}},"16":{"start":{"line":35,"column":12},"end":{"line":35,"column":48}},"17":{"start":{"line":37,"column":8},"end":{"line":37,"column":46}},"18":{"start":{"line":40,"column":8},"end":{"line":40,"column":69}},"19":{"start":{"line":45,"column":0},"end":{"line":64,"column":3}},"20":{"start":{"line":46,"column":4},"end":{"line":50,"column":5}},"21":{"start":{"line":47,"column":8},"end":{"line":47,"column":36}},"22":{"start":{"line":48,"column":8},"end":{"line":48,"column":75}},"23":{"start":{"line":49,"column":8},"end":{"line":49,"column":15}},"24":{"start":{"line":51,"column":4},"end":{"line":51,"column":34}},"25":{"start":{"line":52,"column":4},"end":{"line":63,"column":5}},"26":{"start":{"line":53,"column":20},"end":{"line":53,"column":33}},"27":{"start":{"line":54,"column":28},"end":{"line":54,"column":52}},"28":{"start":{"line":55,"column":8},"end":{"line":55,"column":32}},"29":{"start":{"line":56,"column":8},"end":{"line":56,"column":48}},"30":{"start":{"line":57,"column":8},"end":{"line":57,"column":40}},"31":{"start":{"line":58,"column":28},"end":{"line":58,"column":72}},"32":{"start":{"line":59,"column":8},"end":{"line":59,"column":50}},"33":{"start":{"line":62,"column":8},"end":{"line":62,"column":69}},"34":{"start":{"line":67,"column":0},"end":{"line":90,"column":3}},"35":{"start":{"line":69,"column":4},"end":{"line":69,"column":35}},"36":{"start":{"line":70,"column":4},"end":{"line":73,"column":5}},"37":{"start":{"line":71,"column":8},"end":{"line":71,"column":67}},"38":{"start":{"line":72,"column":8},"end":{"line":72,"column":15}},"39":{"start":{"line":75,"column":4},"end":{"line":89,"column":5}},"40":{"start":{"line":76,"column":24},"end":{"line":83,"column":9}},"41":{"start":{"line":84,"column":23},"end":{"line":84,"column":54}},"42":{"start":{"line":85,"column":8},"end":{"line":85,"column":51}},"43":{"start":{"line":88,"column":8},"end":{"line":88,"column":65}},"44":{"start":{"line":94,"column":0},"end":{"line":94,"column":24}}},"fnMap":{"0":{"name":"(anonymous_0)","decl":{"start":{"line":22,"column":21},"end":{"line":22,"column":22}},"loc":{"start":{"line":22,"column":41},"end":{"line":42,"column":1}},"line":22},"1":{"name":"(anonymous_1)","decl":{"start":{"line":45,"column":27},"end":{"line":45,"column":28}},"loc":{"start":{"line":45,"column":47},"end":{"line":64,"column":1}},"line":45},"2":{"name":"(anonymous_2)","decl":{"start":{"line":67,"column":22},"end":{"line":67,"column":23}},"loc":{"start":{"line":67,"column":42},"end":{"line":90,"column":1}},"line":67}},"branchMap":{"0":{"loc":{"start":{"line":23,"column":21},"end":{"line":23,"column":47}},"type":"binary-expr","locations":[{"start":{"line":23,"column":21},"end":{"line":23,"column":39}},{"start":{"line":23,"column":43},"end":{"line":23,"column":47}}],"line":23},"1":{"loc":{"start":{"line":24,"column":24},"end":{"line":24,"column":53}},"type":"binary-expr","locations":[{"start":{"line":24,"column":24},"end":{"line":24,"column":45}},{"start":{"line":24,"column":49},"end":{"line":24,"column":53}}],"line":24},"2":{"loc":{"start":{"line":28,"column":8},"end":{"line":36,"column":9}},"type":"if","locations":[{"start":{"line":28,"column":8},"end":{"line":36,"column":9}},{"start":{"line":30,"column":15},"end":{"line":36,"column":9}}],"line":28},"3":{"loc":{"start":{"line":28,"column":12},"end":{"line":28,"column":35}},"type":"binary-expr","locations":[{"start":{"line":28,"column":12},"end":{"line":28,"column":20}},{"start":{"line":28,"column":24},"end":{"line":28,"column":35}}],"line":28},"4":{"loc":{"start":{"line":30,"column":15},"end":{"line":36,"column":9}},"type":"if","locations":[{"start":{"line":30,"column":15},"end":{"line":36,"column":9}},{"start":{"line":32,"column":15},"end":{"line":36,"column":9}}],"line":30},"5":{"loc":{"start":{"line":32,"column":15},"end":{"line":36,"column":9}},"type":"if","locations":[{"start":{"line":32,"column":15},"end":{"line":36,"column":9}},{"start":{"line":34,"column":15},"end":{"line":36,"column":9}}],"line":32},"6":{"loc":{"start":{"line":46,"column":4},"end":{"line":50,"column":5}},"type":"if","locations":[{"start":{"line":46,"column":4},"end":{"line":50,"column":5}},{"start":{},"end":{}}],"line":46},"7":{"loc":{"start":{"line":70,"column":4},"end":{"line":73,"column":5}},"type":"if","locations":[{"start":{"line":70,"column":4},"end":{"line":73,"column":5}},{"start":{},"end":{}}],"line":70},"8":{"loc":{"start":{"line":70,"column":8},"end":{"line":70,"column":91}},"type":"binary-expr","locations":[{"start":{"line":70,"column":8},"end":{"line":70,"column":23}},{"start":{"line":70,"column":27},"end":{"line":70,"column":48}},{"start":{"line":70,"column":52},"end":{"line":70,"column":70}},{"start":{"line":70,"column":74},"end":{"line":70,"column":91}}],"line":70}},"s":{"0":3,"1":3,"2":3,"3":3,"4":3,"5":3,"6":3,"7":3,"8":3,"9":3,"10":3,"11":0,"12":3,"13":1,"14":2,"15":1,"16":1,"17":3,"18":0,"19":3,"20":1,"21":1,"22":1,"23":1,"24":0,"25":0,"26":0,"27":0,"28":0,"29":0,"30":0,"31":0,"32":0,"33":0,"34":3,"35":0,"36":0,"37":0,"38":0,"39":0,"40":0,"41":0,"42":0,"43":0,"44":3},"f":{"0":3,"1":1,"2":0},"b":{"0":[3,2],"1":[3,2],"2":[0,3],"3":[3,1],"4":[1,2],"5":[1,1],"6":[1,0],"7":[0,0],"8":[0,0,0,0]},"_coverageSchema":"1a1c01bbd47fc00a2c39e90264f33305004495a9","hash":"34191b8dca8e45d3bec543dac56f1c6016c26552"}
}
