TN:
SF:DbOperations.js
FN:23,(anonymous_0)
FN:40,(anonymous_1)
FN:47,(anonymous_2)
FN:58,(anonymous_3)
FN:74,(anonymous_4)
FN:90,(anonymous_5)
FN:106,(anonymous_6)
FN:122,(anonymous_7)
FN:141,(anonymous_8)
FNF:9
FNH:6
FNDA:9,(anonymous_0)
FNDA:0,(anonymous_1)
FNDA:9,(anonymous_2)
FNDA:1,(anonymous_3)
FNDA:1,(anonymous_4)
FNDA:4,(anonymous_5)
FNDA:0,(anonymous_6)
FNDA:3,(anonymous_7)
FNDA:0,(anonymous_8)
DA:10,3
DA:11,3
DA:14,3
DA:23,3
DA:24,9
DA:25,9
DA:30,7
DA:33,0
DA:40,3
DA:41,0
DA:47,3
DA:49,9
DA:50,6
DA:52,7
DA:58,3
DA:59,1
DA:61,1
DA:62,1
DA:64,1
DA:67,0
DA:74,3
DA:75,1
DA:77,1
DA:78,1
DA:80,1
DA:83,0
DA:90,3
DA:91,4
DA:93,4
DA:94,3
DA:96,3
DA:99,0
DA:106,3
DA:107,0
DA:109,0
DA:110,0
DA:111,0
DA:112,0
DA:115,0
DA:122,3
DA:123,3
DA:125,3
DA:126,2
DA:131,1
DA:134,0
DA:141,3
DA:142,0
DA:144,0
DA:145,0
DA:146,0
DA:147,0
DA:150,0
DA:163,3
DA:166,3
DA:168,3
LF:55
LH:37
BRDA:49,0,0,6
BRDA:49,0,1,3
BRF:2
BRH:2
end_of_record
TN:
SF:server.js
FN:22,(anonymous_0)
FN:45,(anonymous_1)
FN:67,(anonymous_2)
FNF:3
FNH:2
FNDA:3,(anonymous_0)
FNDA:1,(anonymous_1)
FNDA:0,(anonymous_2)
DA:6,3
DA:8,3
DA:10,3
DA:12,3
DA:14,3
DA:17,3
DA:22,3
DA:23,3
DA:24,3
DA:26,3
DA:28,3
DA:29,0
DA:30,3
DA:31,1
DA:32,2
DA:33,1
DA:35,1
DA:37,3
DA:40,0
DA:45,3
DA:46,1
DA:47,1
DA:48,1
DA:49,1
DA:51,0
DA:52,0
DA:53,0
DA:54,0
DA:55,0
DA:56,0
DA:57,0
DA:58,0
DA:59,0
DA:62,0
DA:67,3
DA:68,0
DA:69,0
DA:70,0
DA:72,0
DA:73,0
DA:81,0
DA:82,0
DA:85,0
DA:91,3
LF:44
LH:24
BRDA:23,0,0,3
BRDA:23,0,1,2
BRDA:24,1,0,3
BRDA:24,1,1,2
BRDA:28,2,0,0
BRDA:28,2,1,3
BRDA:28,3,0,3
BRDA:28,3,1,1
BRDA:30,4,0,1
BRDA:30,4,1,2
BRDA:32,5,0,1
BRDA:32,5,1,1
BRDA:46,6,0,1
BRDA:46,6,1,0
BRDA:68,7,0,0
BRDA:68,7,1,0
BRDA:68,8,0,0
BRDA:68,8,1,0
BRDA:68,8,2,0
BRDA:68,8,3,0
BRF:20
BRH:12
end_of_record
