TN:
SF:DbOperations.js
FN:8,(anonymous_0)
FN:19,(anonymous_1)
FN:35,(anonymous_2)
FN:43,(anonymous_3)
FN:50,(anonymous_4)
FN:65,(anonymous_5)
FN:83,(anonymous_6)
FN:101,(anonymous_7)
FN:126,(anonymous_8)
FN:143,(anonymous_9)
FN:159,(anonymous_10)
FN:177,(anonymous_11)
FN:193,(anonymous_12)
FN:224,(anonymous_13)
FN:239,(anonymous_14)
FN:254,(anonymous_15)
FN:268,(anonymous_16)
FN:288,(anonymous_17)
FN:303,(anonymous_18)
FN:319,(anonymous_19)
FNF:20
FNH:15
FNDA:8,(anonymous_0)
FNDA:8,(anonymous_1)
FNDA:19,(anonymous_2)
FNDA:8,(anonymous_3)
FNDA:1,(anonymous_4)
FNDA:1,(anonymous_5)
FNDA:1,(anonymous_6)
FNDA:0,(anonymous_7)
FNDA:0,(anonymous_8)
FNDA:0,(anonymous_9)
FNDA:1,(anonymous_10)
FNDA:0,(anonymous_11)
FNDA:1,(anonymous_12)
FNDA:1,(anonymous_13)
FNDA:1,(anonymous_14)
FNDA:1,(anonymous_15)
FNDA:0,(anonymous_16)
FNDA:1,(anonymous_17)
FNDA:1,(anonymous_18)
FNDA:1,(anonymous_19)
DA:1,8
DA:3,8
DA:5,8
DA:6,8
DA:8,8
DA:9,8
DA:10,8
DA:11,8
DA:12,8
DA:14,0
DA:19,8
DA:21,8
DA:22,8
DA:27,8
DA:28,8
DA:29,8
DA:31,0
DA:35,8
DA:37,19
DA:38,0
DA:40,19
DA:43,8
DA:44,8
DA:50,8
DA:51,1
DA:53,1
DA:54,1
DA:56,1
DA:58,0
DA:65,8
DA:66,1
DA:68,1
DA:69,1
DA:74,1
DA:76,0
DA:83,8
DA:84,1
DA:86,1
DA:87,1
DA:92,1
DA:94,0
DA:101,8
DA:102,0
DA:104,0
DA:105,0
DA:109,0
DA:114,0
DA:116,0
DA:126,8
DA:127,0
DA:129,0
DA:130,0
DA:134,0
DA:136,0
DA:143,8
DA:144,0
DA:146,0
DA:147,0
DA:148,0
DA:149,0
DA:150,0
DA:152,0
DA:159,8
DA:160,1
DA:162,1
DA:163,1
DA:168,1
DA:170,0
DA:177,8
DA:178,0
DA:179,0
DA:181,0
DA:182,0
DA:183,0
DA:184,0
DA:186,0
DA:193,8
DA:194,1
DA:196,1
DA:197,1
DA:200,1
DA:201,1
DA:203,0
DA:224,8
DA:225,1
DA:227,1
DA:228,1
DA:233,1
DA:235,0
DA:239,8
DA:240,1
DA:242,1
DA:243,1
DA:248,1
DA:250,0
DA:254,8
DA:255,1
DA:257,1
DA:258,1
DA:259,1
DA:262,1
DA:264,0
DA:268,8
DA:269,0
DA:270,0
DA:271,0
DA:272,0
DA:273,0
DA:279,0
DA:280,0
DA:281,0
DA:283,0
DA:284,0
DA:288,8
DA:289,1
DA:290,1
DA:291,1
DA:292,1
DA:293,1
DA:295,0
DA:296,0
DA:298,1
DA:299,1
DA:303,8
DA:304,1
DA:305,1
DA:306,1
DA:307,1
DA:311,1
DA:312,1
DA:314,0
DA:315,0
DA:319,8
DA:329,1
DA:330,1
DA:333,1
DA:340,1
DA:349,1
DA:350,0
DA:353,1
DA:354,1
DA:355,1
DA:357,0
DA:358,0
DA:362,8
LF:145
LH:92
BRDA:37,0,0,0
BRDA:37,0,1,19
BRDA:277,1,0,0
BRDA:277,1,1,0
BRDA:292,2,0,1
BRDA:292,2,1,0
BRDA:320,3,0,1
BRDA:321,4,0,0
BRDA:322,5,0,0
BRDA:341,6,0,1
BRDA:341,6,1,0
BRDA:342,7,0,1
BRDA:342,7,1,0
BRDA:343,8,0,1
BRDA:343,8,1,0
BRDA:344,9,0,1
BRDA:344,9,1,0
BRDA:345,10,0,1
BRDA:345,10,1,0
BRDA:349,11,0,0
BRDA:349,11,1,1
BRF:21
BRH:9
end_of_record
TN:
SF:server.js
FN:10,(anonymous_0)
FN:14,(anonymous_1)
FN:29,(anonymous_2)
FN:44,(anonymous_3)
FN:60,(anonymous_4)
FN:97,(anonymous_5)
FN:116,(anonymous_6)
FN:140,(anonymous_7)
FN:173,(anonymous_8)
FN:192,(anonymous_9)
FN:205,(anonymous_10)
FN:227,(anonymous_11)
FN:246,(anonymous_12)
FNF:13
FNH:10
FNDA:0,(anonymous_0)
FNDA:1,(anonymous_1)
FNDA:1,(anonymous_2)
FNDA:1,(anonymous_3)
FNDA:1,(anonymous_4)
FNDA:1,(anonymous_5)
FNDA:3,(anonymous_6)
FNDA:0,(anonymous_7)
FNDA:1,(anonymous_8)
FNDA:1,(anonymous_9)
FNDA:0,(anonymous_10)
FNDA:2,(anonymous_11)
FNDA:1,(anonymous_12)
DA:1,8
DA:2,8
DA:3,8
DA:4,8
DA:5,8
DA:6,8
DA:7,8
DA:8,8
DA:10,8
DA:11,0
DA:14,8
DA:15,1
DA:17,1
DA:18,1
DA:19,0
DA:20,0
DA:23,1
DA:25,0
DA:29,8
DA:30,1
DA:32,1
DA:33,1
DA:34,0
DA:35,0
DA:38,1
DA:40,0
DA:44,8
DA:45,1
DA:46,1
DA:47,1
DA:48,1
DA:52,1
DA:54,1
DA:56,0
DA:60,8
DA:61,1
DA:62,1
DA:63,1
DA:64,0
DA:65,0
DA:66,0
DA:73,0
DA:74,0
DA:76,0
DA:79,1
DA:80,1
DA:81,1
DA:82,0
DA:86,0
DA:87,0
DA:89,0
DA:92,1
DA:97,8
DA:98,1
DA:99,1
DA:101,1
DA:102,1
DA:103,0
DA:104,0
DA:107,1
DA:109,0
DA:116,8
DA:117,3
DA:118,3
DA:120,3
DA:122,3
DA:123,0
DA:124,3
DA:125,1
DA:126,2
DA:127,1
DA:129,1
DA:131,3
DA:133,0
DA:140,8
DA:141,0
DA:142,0
DA:149,0
DA:150,0
DA:153,0
DA:154,0
DA:163,0
DA:164,0
DA:166,0
DA:173,8
DA:174,1
DA:175,1
DA:176,1
DA:178,0
DA:179,0
DA:180,0
DA:181,0
DA:182,0
DA:183,0
DA:185,0
DA:192,8
DA:193,1
DA:194,1
DA:195,1
DA:196,1
DA:198,0
DA:205,8
DA:206,0
DA:207,0
DA:208,0
DA:211,0
DA:212,0
DA:217,0
DA:218,0
DA:220,0
DA:227,8
DA:228,2
DA:229,1
DA:230,1
DA:232,1
DA:233,1
DA:234,1
DA:235,1
DA:236,1
DA:237,1
DA:239,0
DA:246,8
DA:247,1
DA:248,1
DA:249,1
DA:250,1
DA:251,1
DA:252,1
DA:253,1
DA:254,1
DA:255,1
DA:257,1
DA:259,1
DA:260,1
DA:270,1
DA:272,0
DA:276,8
LF:137
LH:87
BRDA:18,0,0,0
BRDA:18,0,1,1
BRDA:33,1,0,0
BRDA:33,1,1,1
BRDA:63,2,0,0
BRDA:63,2,1,1
BRDA:63,3,0,1
BRDA:63,3,1,1
BRDA:86,4,0,0
BRDA:86,4,1,0
BRDA:102,5,0,0
BRDA:102,5,1,1
BRDA:117,6,0,3
BRDA:117,6,1,2
BRDA:118,7,0,3
BRDA:118,7,1,2
BRDA:122,8,0,0
BRDA:122,8,1,3
BRDA:122,9,0,3
BRDA:122,9,1,1
BRDA:124,10,0,1
BRDA:124,10,1,2
BRDA:126,11,0,1
BRDA:126,11,1,1
BRDA:142,12,0,0
BRDA:142,12,1,0
BRDA:143,13,0,0
BRDA:143,13,1,0
BRDA:143,13,2,0
BRDA:143,13,3,0
BRDA:143,13,4,0
BRDA:174,14,0,1
BRDA:174,14,1,0
BRDA:206,15,0,0
BRDA:206,15,1,0
BRDA:228,16,0,1
BRDA:228,16,1,1
BRDA:249,17,0,1
BRDA:249,17,1,1
BRDA:250,18,0,1
BRDA:250,18,1,1
BRDA:251,19,0,1
BRDA:251,19,1,1
BRDA:252,20,0,1
BRDA:252,20,1,1
BRDA:253,21,0,1
BRDA:253,21,1,1
BRDA:254,22,0,1
BRDA:254,22,1,1
BRDA:255,23,0,1
BRDA:255,23,1,1
BRF:51
BRH:34
end_of_record
