<?xml version="1.0" encoding="UTF-8"?>
<coverage generated="1679623635500" clover="3.2.0">
  <project timestamp="1679623635500" name="All files">
    <metrics statements="132" coveredstatements="97" conditionals="34" coveredconditionals="24" methods="33" coveredmethods="21" elements="199" coveredelements="142" complexity="0" loc="132" ncloc="132" packages="2" files="5" classes="5"/>
    <package name="api">
      <metrics statements="38" coveredstatements="28" conditionals="0" coveredconditionals="0" methods="6" coveredmethods="5"/>
      <file name="FBMainAPI.js" path="/Users/jie/Desktop/penn-housing/penn-housing-review/src/api/FBMainAPI.js">
        <metrics statements="28" coveredstatements="19" conditionals="0" coveredconditionals="0" methods="5" coveredmethods="4"/>
        <line num="5" count="5" type="stmt"/>
        <line num="6" count="10" type="stmt"/>
        <line num="7" count="10" type="stmt"/>
        <line num="9" count="9" type="stmt"/>
        <line num="13" count="0" type="stmt"/>
        <line num="17" count="5" type="stmt"/>
        <line num="18" count="1" type="stmt"/>
        <line num="19" count="1" type="stmt"/>
        <line num="20" count="1" type="stmt"/>
        <line num="22" count="0" type="stmt"/>
        <line num="25" count="0" type="stmt"/>
        <line num="29" count="5" type="stmt"/>
        <line num="30" count="2" type="stmt"/>
        <line num="31" count="2" type="stmt"/>
        <line num="32" count="2" type="stmt"/>
        <line num="34" count="2" type="stmt"/>
        <line num="37" count="0" type="stmt"/>
        <line num="41" count="5" type="stmt"/>
        <line num="42" count="2" type="stmt"/>
        <line num="43" count="2" type="stmt"/>
        <line num="44" count="2" type="stmt"/>
        <line num="46" count="2" type="stmt"/>
        <line num="49" count="0" type="stmt"/>
        <line num="53" count="5" type="stmt"/>
        <line num="54" count="0" type="stmt"/>
        <line num="55" count="0" type="stmt"/>
        <line num="59" count="0" type="stmt"/>
        <line num="61" count="0" type="stmt"/>
      </file>
      <file name="FBNewPostAPI.js" path="/Users/jie/Desktop/penn-housing/penn-housing-review/src/api/FBNewPostAPI.js">
        <metrics statements="10" coveredstatements="9" conditionals="0" coveredconditionals="0" methods="1" coveredmethods="1"/>
        <line num="5" count="3" type="stmt"/>
        <line num="6" count="1" type="stmt"/>
        <line num="7" count="1" type="stmt"/>
        <line num="8" count="1" type="stmt"/>
        <line num="9" count="1" type="stmt"/>
        <line num="10" count="1" type="stmt"/>
        <line num="11" count="1" type="stmt"/>
        <line num="13" count="1" type="stmt"/>
        <line num="14" count="1" type="stmt"/>
        <line num="16" count="0" type="stmt"/>
      </file>
    </package>
    <package name="components">
      <metrics statements="94" coveredstatements="69" conditionals="34" coveredconditionals="24" methods="27" coveredmethods="16"/>
      <file name="FBMainFilter.js" path="/Users/jie/Desktop/penn-housing/penn-housing-review/src/components/FBMainFilter.js">
        <metrics statements="44" coveredstatements="33" conditionals="24" coveredconditionals="17" methods="14" coveredmethods="11"/>
        <line num="9" count="14" type="stmt"/>
        <line num="10" count="14" type="stmt"/>
        <line num="11" count="14" type="stmt"/>
        <line num="14" count="14" type="stmt"/>
        <line num="16" count="8" type="stmt"/>
        <line num="17" count="7" type="stmt"/>
        <line num="19" count="8" type="stmt"/>
        <line num="24" count="14" type="stmt"/>
        <line num="25" count="1" type="stmt"/>
        <line num="28" count="14" type="stmt"/>
        <line num="29" count="2" type="stmt"/>
        <line num="32" count="1" type="stmt"/>
        <line num="33" count="1" type="stmt"/>
        <line num="37" count="1" type="stmt"/>
        <line num="38" count="1" type="stmt"/>
        <line num="42" count="0" type="stmt"/>
        <line num="43" count="0" type="stmt"/>
        <line num="47" count="0" type="stmt"/>
        <line num="48" count="0" type="stmt"/>
        <line num="50" count="2" type="cond" truecount="4" falsecount="0"/>
        <line num="51" count="1" type="stmt"/>
        <line num="52" count="1" type="cond" truecount="3" falsecount="1"/>
        <line num="53" count="1" type="stmt"/>
        <line num="54" count="0" type="cond" truecount="0" falsecount="4"/>
        <line num="55" count="0" type="stmt"/>
        <line num="57" count="0" type="stmt"/>
        <line num="62" count="14" type="stmt"/>
        <line num="63" count="4" type="stmt"/>
        <line num="66" count="1" type="stmt"/>
        <line num="67" count="1" type="stmt"/>
        <line num="71" count="0" type="stmt"/>
        <line num="72" count="0" type="stmt"/>
        <line num="76" count="2" type="stmt"/>
        <line num="77" count="2" type="stmt"/>
        <line num="81" count="1" type="stmt"/>
        <line num="82" count="0" type="stmt"/>
        <line num="85" count="4" type="cond" truecount="4" falsecount="0"/>
        <line num="86" count="1" type="stmt"/>
        <line num="87" count="3" type="cond" truecount="2" falsecount="2"/>
        <line num="88" count="0" type="stmt"/>
        <line num="89" count="3" type="cond" truecount="4" falsecount="0"/>
        <line num="90" count="2" type="stmt"/>
        <line num="92" count="1" type="stmt"/>
        <line num="96" count="14" type="stmt"/>
      </file>
      <file name="FBPostList.js" path="/Users/jie/Desktop/penn-housing/penn-housing-review/src/components/FBPostList.js">
        <metrics statements="15" coveredstatements="9" conditionals="2" coveredconditionals="1" methods="5" coveredmethods="1"/>
        <line num="9" count="15" type="stmt"/>
        <line num="10" count="15" type="stmt"/>
        <line num="12" count="15" type="cond" truecount="1" falsecount="1"/>
        <line num="13" count="0" type="stmt"/>
        <line num="16" count="15" type="stmt"/>
        <line num="18" count="15" type="stmt"/>
        <line num="19" count="15" type="stmt"/>
        <line num="21" count="15" type="stmt"/>
        <line num="22" count="0" type="stmt"/>
        <line num="23" count="0" type="stmt"/>
        <line num="26" count="15" type="stmt"/>
        <line num="27" count="0" type="stmt"/>
        <line num="32" count="0" type="stmt"/>
        <line num="46" count="15" type="stmt"/>
        <line num="50" count="0" type="stmt"/>
      </file>
      <file name="FBPostPage.js" path="/Users/jie/Desktop/penn-housing/penn-housing-review/src/components/FBPostPage.js">
        <metrics statements="35" coveredstatements="27" conditionals="8" coveredconditionals="6" methods="8" coveredmethods="4"/>
        <line num="11" count="21" type="stmt"/>
        <line num="12" count="21" type="stmt"/>
        <line num="13" count="21" type="stmt"/>
        <line num="14" count="21" type="stmt"/>
        <line num="15" count="21" type="stmt"/>
        <line num="16" count="21" type="stmt"/>
        <line num="17" count="21" type="stmt"/>
        <line num="19" count="21" type="stmt"/>
        <line num="20" count="3" type="cond" truecount="2" falsecount="0"/>
        <line num="21" count="2" type="stmt"/>
        <line num="22" count="2" type="cond" truecount="1" falsecount="1"/>
        <line num="23" count="0" type="stmt"/>
        <line num="25" count="2" type="stmt"/>
        <line num="28" count="1" type="stmt"/>
        <line num="29" count="1" type="stmt"/>
        <line num="34" count="21" type="stmt"/>
        <line num="35" count="3" type="cond" truecount="2" falsecount="0"/>
        <line num="36" count="2" type="stmt"/>
        <line num="37" count="2" type="cond" truecount="1" falsecount="1"/>
        <line num="38" count="0" type="stmt"/>
        <line num="40" count="2" type="stmt"/>
        <line num="43" count="1" type="stmt"/>
        <line num="44" count="1" type="stmt"/>
        <line num="48" count="21" type="stmt"/>
        <line num="49" count="0" type="stmt"/>
        <line num="52" count="21" type="stmt"/>
        <line num="53" count="0" type="stmt"/>
        <line num="56" count="21" type="stmt"/>
        <line num="57" count="2" type="stmt"/>
        <line num="60" count="21" type="stmt"/>
        <line num="62" count="0" type="stmt"/>
        <line num="63" count="0" type="stmt"/>
        <line num="64" count="0" type="stmt"/>
        <line num="66" count="0" type="stmt"/>
        <line num="71" count="21" type="stmt"/>
      </file>
    </package>
  </project>
</coverage>
