{"/Users/jie/Desktop/penn-housing/penn-housing-review/src/components/FBHeader.js": {"path":"/Users/jie/Desktop/penn-housing/penn-housing-review/src/components/FBHeader.js","statementMap":{"0":{"start":{"line":5,"column":4},"end":{"line":9,"column":5}},"1":{"start":{"line":14,"column":4},"end":{"line":14,"column":71}},"2":{"start":{"line":18,"column":4},"end":{"line":26,"column":5}}},"fnMap":{"0":{"name":"Logo","decl":{"start":{"line":4,"column":11},"end":{"line":4,"column":15}},"loc":{"start":{"line":4,"column":18},"end":{"line":10,"column":3}},"line":4},"1":{"name":"Profile","decl":{"start":{"line":13,"column":11},"end":{"line":13,"column":18}},"loc":{"start":{"line":13,"column":33},"end":{"line":15,"column":3}},"line":13},"2":{"name":"Header","decl":{"start":{"line":17,"column":26},"end":{"line":17,"column":32}},"loc":{"start":{"line":17,"column":42},"end":{"line":27,"column":3}},"line":17}},"branchMap":{},"s":{"0":7,"1":7,"2":7},"f":{"0":7,"1":7,"2":7},"b":{},"_coverageSchema":"1a1c01bbd47fc00a2c39e90264f33305004495a9","hash":"f100621c6bcb8a804a916a7ef3ad84c979bf9891"}
}
