{"/Users/jie/Desktop/penn-housing/penn-housing-review/src/App.js": {"path":"/Users/jie/Desktop/penn-housing/penn-housing-review/src/App.js","statementMap":{"0":{"start":{"line":23,"column":19},"end":{"line":23,"column":51}},"1":{"start":{"line":24,"column":16},"end":{"line":24,"column":59}},"2":{"start":{"line":26,"column":2},"end":{"line":58,"column":4}}},"fnMap":{"0":{"name":"App","decl":{"start":{"line":21,"column":9},"end":{"line":21,"column":12}},"loc":{"start":{"line":21,"column":15},"end":{"line":59,"column":1}},"line":21}},"branchMap":{},"s":{"0":0,"1":0,"2":0},"f":{"0":0},"b":{}}
,"/Users/jie/Desktop/penn-housing/penn-housing-review/src/api/FBMainAPI.js": {"path":"/Users/jie/Desktop/penn-housing/penn-housing-review/src/api/FBMainAPI.js","statementMap":{"0":{"start":{"line":5,"column":27},"end":{"line":14,"column":1}},"1":{"start":{"line":6,"column":2},"end":{"line":13,"column":3}},"2":{"start":{"line":7,"column":16},"end":{"line":7,"column":51}},"3":{"start":{"line":9,"column":4},"end":{"line":9,"column":20}},"4":{"start":{"line":11,"column":4},"end":{"line":11,"column":40}},"5":{"start":{"line":12,"column":4},"end":{"line":12,"column":15}},"6":{"start":{"line":16,"column":31},"end":{"line":26,"column":1}},"7":{"start":{"line":17,"column":2},"end":{"line":25,"column":3}},"8":{"start":{"line":18,"column":16},"end":{"line":18,"column":82}},"9":{"start":{"line":19,"column":16},"end":{"line":19,"column":36}},"10":{"start":{"line":21,"column":4},"end":{"line":21,"column":20}},"11":{"start":{"line":23,"column":4},"end":{"line":23,"column":40}},"12":{"start":{"line":24,"column":4},"end":{"line":24,"column":15}},"13":{"start":{"line":28,"column":41},"end":{"line":38,"column":1}},"14":{"start":{"line":29,"column":2},"end":{"line":37,"column":3}},"15":{"start":{"line":30,"column":16},"end":{"line":30,"column":55}},"16":{"start":{"line":31,"column":16},"end":{"line":31,"column":36}},"17":{"start":{"line":33,"column":4},"end":{"line":33,"column":20}},"18":{"start":{"line":35,"column":4},"end":{"line":35,"column":40}},"19":{"start":{"line":36,"column":4},"end":{"line":36,"column":15}},"20":{"start":{"line":40,"column":44},"end":{"line":50,"column":1}},"21":{"start":{"line":41,"column":2},"end":{"line":49,"column":3}},"22":{"start":{"line":42,"column":16},"end":{"line":42,"column":61}},"23":{"start":{"line":43,"column":16},"end":{"line":43,"column":36}},"24":{"start":{"line":45,"column":4},"end":{"line":45,"column":20}},"25":{"start":{"line":47,"column":4},"end":{"line":47,"column":40}},"26":{"start":{"line":48,"column":4},"end":{"line":48,"column":15}},"27":{"start":{"line":52,"column":30},"end":{"line":63,"column":1}},"28":{"start":{"line":53,"column":2},"end":{"line":62,"column":3}},"29":{"start":{"line":54,"column":21},"end":{"line":56,"column":6}},"30":{"start":{"line":58,"column":4},"end":{"line":58,"column":25}},"31":{"start":{"line":60,"column":4},"end":{"line":60,"column":40}},"32":{"start":{"line":61,"column":4},"end":{"line":61,"column":15}},"33":{"start":{"line":65,"column":33},"end":{"line":76,"column":1}},"34":{"start":{"line":66,"column":2},"end":{"line":75,"column":3}},"35":{"start":{"line":67,"column":21},"end":{"line":69,"column":6}},"36":{"start":{"line":71,"column":4},"end":{"line":71,"column":25}},"37":{"start":{"line":73,"column":4},"end":{"line":73,"column":40}},"38":{"start":{"line":74,"column":4},"end":{"line":74,"column":15}},"39":{"start":{"line":78,"column":38},"end":{"line":87,"column":1}},"40":{"start":{"line":79,"column":2},"end":{"line":86,"column":3}},"41":{"start":{"line":80,"column":16},"end":{"line":80,"column":65}},"42":{"start":{"line":82,"column":4},"end":{"line":82,"column":20}},"43":{"start":{"line":84,"column":4},"end":{"line":84,"column":40}},"44":{"start":{"line":85,"column":4},"end":{"line":85,"column":15}},"45":{"start":{"line":89,"column":29},"end":{"line":103,"column":1}},"46":{"start":{"line":90,"column":2},"end":{"line":102,"column":3}},"47":{"start":{"line":91,"column":4},"end":{"line":91,"column":48}},"48":{"start":{"line":92,"column":21},"end":{"line":96,"column":6}},"49":{"start":{"line":98,"column":4},"end":{"line":98,"column":25}},"50":{"start":{"line":100,"column":4},"end":{"line":100,"column":40}},"51":{"start":{"line":101,"column":4},"end":{"line":101,"column":15}},"52":{"start":{"line":105,"column":26},"end":{"line":121,"column":1}},"53":{"start":{"line":106,"column":2},"end":{"line":120,"column":3}},"54":{"start":{"line":107,"column":21},"end":{"line":114,"column":6}},"55":{"start":{"line":116,"column":4},"end":{"line":116,"column":25}},"56":{"start":{"line":118,"column":4},"end":{"line":118,"column":40}},"57":{"start":{"line":119,"column":4},"end":{"line":119,"column":15}}},"fnMap":{"0":{"name":"(anonymous_0)","decl":{"start":{"line":5,"column":27},"end":{"line":5,"column":28}},"loc":{"start":{"line":5,"column":39},"end":{"line":14,"column":1}},"line":5},"1":{"name":"(anonymous_1)","decl":{"start":{"line":16,"column":31},"end":{"line":16,"column":32}},"loc":{"start":{"line":16,"column":64},"end":{"line":26,"column":1}},"line":16},"2":{"name":"(anonymous_2)","decl":{"start":{"line":28,"column":41},"end":{"line":28,"column":42}},"loc":{"start":{"line":28,"column":61},"end":{"line":38,"column":1}},"line":28},"3":{"name":"(anonymous_3)","decl":{"start":{"line":40,"column":44},"end":{"line":40,"column":45}},"loc":{"start":{"line":40,"column":67},"end":{"line":50,"column":1}},"line":40},"4":{"name":"(anonymous_4)","decl":{"start":{"line":52,"column":30},"end":{"line":52,"column":31}},"loc":{"start":{"line":52,"column":58},"end":{"line":63,"column":1}},"line":52},"5":{"name":"(anonymous_5)","decl":{"start":{"line":65,"column":33},"end":{"line":65,"column":34}},"loc":{"start":{"line":65,"column":61},"end":{"line":76,"column":1}},"line":65},"6":{"name":"(anonymous_6)","decl":{"start":{"line":78,"column":38},"end":{"line":78,"column":39}},"loc":{"start":{"line":78,"column":53},"end":{"line":87,"column":1}},"line":78},"7":{"name":"(anonymous_7)","decl":{"start":{"line":89,"column":29},"end":{"line":89,"column":30}},"loc":{"start":{"line":89,"column":53},"end":{"line":103,"column":1}},"line":89},"8":{"name":"(anonymous_8)","decl":{"start":{"line":105,"column":26},"end":{"line":105,"column":27}},"loc":{"start":{"line":105,"column":75},"end":{"line":121,"column":1}},"line":105}},"branchMap":{},"s":{"0":7,"1":11,"2":11,"3":10,"4":0,"5":0,"6":7,"7":1,"8":1,"9":1,"10":0,"11":0,"12":0,"13":7,"14":1,"15":1,"16":1,"17":1,"18":0,"19":0,"20":7,"21":2,"22":2,"23":2,"24":2,"25":0,"26":0,"27":7,"28":1,"29":1,"30":1,"31":0,"32":0,"33":7,"34":1,"35":1,"36":1,"37":0,"38":0,"39":7,"40":2,"41":2,"42":1,"43":0,"44":0,"45":7,"46":1,"47":1,"48":1,"49":1,"50":0,"51":0,"52":7,"53":1,"54":1,"55":1,"56":0,"57":0},"f":{"0":11,"1":1,"2":1,"3":2,"4":1,"5":1,"6":2,"7":1,"8":1},"b":{},"_coverageSchema":"1a1c01bbd47fc00a2c39e90264f33305004495a9","hash":"2b503e141eb4ba9aef40793c0810f1f46fd2ca80"}
,"/Users/jie/Desktop/penn-housing/penn-housing-review/src/components/FBCommentLikeButtom.js": {"path":"/Users/jie/Desktop/penn-housing/penn-housing-review/src/components/FBCommentLikeButtom.js","statementMap":{"0":{"start":{"line":8,"column":34},"end":{"line":8,"column":49}},"1":{"start":{"line":9,"column":21},"end":{"line":16,"column":3}},"2":{"start":{"line":10,"column":4},"end":{"line":10,"column":27}},"3":{"start":{"line":11,"column":4},"end":{"line":15,"column":5}},"4":{"start":{"line":12,"column":6},"end":{"line":12,"column":40}},"5":{"start":{"line":14,"column":6},"end":{"line":14,"column":36}},"6":{"start":{"line":18,"column":2},"end":{"line":35,"column":4}},"7":{"start":{"line":38,"column":0},"end":{"line":41,"column":2}}},"fnMap":{"0":{"name":"LikeButton","decl":{"start":{"line":7,"column":24},"end":{"line":7,"column":34}},"loc":{"start":{"line":7,"column":51},"end":{"line":36,"column":1}},"line":7},"1":{"name":"(anonymous_1)","decl":{"start":{"line":9,"column":21},"end":{"line":9,"column":22}},"loc":{"start":{"line":9,"column":27},"end":{"line":16,"column":3}},"line":9}},"branchMap":{"0":{"loc":{"start":{"line":11,"column":4},"end":{"line":15,"column":5}},"type":"if","locations":[{"start":{"line":11,"column":4},"end":{"line":15,"column":5}},{"start":{"line":13,"column":11},"end":{"line":15,"column":5}}],"line":11},"1":{"loc":{"start":{"line":22,"column":11},"end":{"line":27,"column":11}},"type":"binary-expr","locations":[{"start":{"line":22,"column":11},"end":{"line":22,"column":20}},{"start":{"line":23,"column":12},"end":{"line":26,"column":14}}],"line":22},"2":{"loc":{"start":{"line":28,"column":11},"end":{"line":30,"column":11}},"type":"binary-expr","locations":[{"start":{"line":28,"column":11},"end":{"line":28,"column":19}},{"start":{"line":29,"column":12},"end":{"line":29,"column":79}}],"line":28}},"s":{"0":3,"1":3,"2":1,"3":1,"4":1,"5":0,"6":3,"7":5},"f":{"0":3,"1":1},"b":{"0":[1,0],"1":[3,2],"2":[3,1]},"_coverageSchema":"1a1c01bbd47fc00a2c39e90264f33305004495a9","hash":"f8063d75f3513c6b1e08cd6fcf1097199e4317f5"}
,"/Users/jie/Desktop/penn-housing/penn-housing-review/src/components/FBCommentSection.js": {"path":"/Users/jie/Desktop/penn-housing/penn-housing-review/src/components/FBCommentSection.js","statementMap":{"0":{"start":{"line":8,"column":42},"end":{"line":8,"column":54}},"1":{"start":{"line":9,"column":38},"end":{"line":9,"column":50}},"2":{"start":{"line":11,"column":2},"end":{"line":17,"column":19}},"3":{"start":{"line":13,"column":23},"end":{"line":13,"column":56}},"4":{"start":{"line":14,"column":6},"end":{"line":14,"column":32}},"5":{"start":{"line":16,"column":4},"end":{"line":16,"column":36}},"6":{"start":{"line":19,"column":30},"end":{"line":21,"column":3}},"7":{"start":{"line":20,"column":4},"end":{"line":20,"column":38}},"8":{"start":{"line":23,"column":30},"end":{"line":26,"column":3}},"9":{"start":{"line":24,"column":4},"end":{"line":24,"column":35}},"10":{"start":{"line":25,"column":4},"end":{"line":25,"column":22}},"11":{"start":{"line":28,"column":2},"end":{"line":68,"column":4}},"12":{"start":{"line":61,"column":10},"end":{"line":64,"column":16}},"13":{"start":{"line":71,"column":0},"end":{"line":73,"column":2}}},"fnMap":{"0":{"name":"CommentSection","decl":{"start":{"line":7,"column":24},"end":{"line":7,"column":38}},"loc":{"start":{"line":7,"column":48},"end":{"line":69,"column":1}},"line":7},"1":{"name":"(anonymous_1)","decl":{"start":{"line":11,"column":12},"end":{"line":11,"column":13}},"loc":{"start":{"line":11,"column":18},"end":{"line":17,"column":3}},"line":11},"2":{"name":"getAllCommentsByPostIdWrapper","decl":{"start":{"line":12,"column":19},"end":{"line":12,"column":48}},"loc":{"start":{"line":12,"column":51},"end":{"line":15,"column":5}},"line":12},"3":{"name":"(anonymous_3)","decl":{"start":{"line":19,"column":30},"end":{"line":19,"column":31}},"loc":{"start":{"line":19,"column":41},"end":{"line":21,"column":3}},"line":19},"4":{"name":"(anonymous_4)","decl":{"start":{"line":23,"column":30},"end":{"line":23,"column":31}},"loc":{"start":{"line":23,"column":36},"end":{"line":26,"column":3}},"line":23},"5":{"name":"(anonymous_5)","decl":{"start":{"line":60,"column":26},"end":{"line":60,"column":27}},"loc":{"start":{"line":61,"column":10},"end":{"line":64,"column":16}},"line":61}},"branchMap":{},"s":{"0":1,"1":1,"2":1,"3":1,"4":0,"5":1,"6":1,"7":0,"8":1,"9":0,"10":0,"11":1,"12":0,"13":4},"f":{"0":1,"1":1,"2":1,"3":0,"4":0,"5":0},"b":{},"_coverageSchema":"1a1c01bbd47fc00a2c39e90264f33305004495a9","hash":"8eaa7925ab98263f752d21e5227fbfbe7cf7b8c9"}
,"/Users/jie/Desktop/penn-housing/penn-housing-review/src/components/FBMainFilter.js": {"path":"/Users/jie/Desktop/penn-housing/penn-housing-review/src/components/FBMainFilter.js","statementMap":{"0":{"start":{"line":19,"column":26},"end":{"line":19,"column":38}},"1":{"start":{"line":20,"column":34},"end":{"line":20,"column":46}},"2":{"start":{"line":21,"column":40},"end":{"line":21,"column":52}},"3":{"start":{"line":23,"column":2},"end":{"line":29,"column":9}},"4":{"start":{"line":25,"column":27},"end":{"line":25,"column":46}},"5":{"start":{"line":26,"column":6},"end":{"line":26,"column":28}},"6":{"start":{"line":28,"column":4},"end":{"line":28,"column":25}},"7":{"start":{"line":31,"column":21},"end":{"line":33,"column":3}},"8":{"start":{"line":32,"column":4},"end":{"line":32,"column":45}},"9":{"start":{"line":35,"column":31},"end":{"line":66,"column":3}},"10":{"start":{"line":36,"column":4},"end":{"line":36,"column":36}},"11":{"start":{"line":39,"column":23},"end":{"line":39,"column":42}},"12":{"start":{"line":40,"column":6},"end":{"line":40,"column":24}},"13":{"start":{"line":44,"column":24},"end":{"line":44,"column":75}},"14":{"start":{"line":45,"column":6},"end":{"line":45,"column":25}},"15":{"start":{"line":49,"column":27},"end":{"line":49,"column":74}},"16":{"start":{"line":50,"column":6},"end":{"line":50,"column":28}},"17":{"start":{"line":54,"column":28},"end":{"line":54,"column":82}},"18":{"start":{"line":55,"column":6},"end":{"line":55,"column":29}},"19":{"start":{"line":57,"column":4},"end":{"line":65,"column":5}},"20":{"start":{"line":58,"column":6},"end":{"line":58,"column":27}},"21":{"start":{"line":59,"column":11},"end":{"line":65,"column":5}},"22":{"start":{"line":60,"column":6},"end":{"line":60,"column":41}},"23":{"start":{"line":61,"column":11},"end":{"line":65,"column":5}},"24":{"start":{"line":62,"column":6},"end":{"line":62,"column":44}},"25":{"start":{"line":64,"column":6},"end":{"line":64,"column":31}},"26":{"start":{"line":68,"column":34},"end":{"line":100,"column":3}},"27":{"start":{"line":69,"column":4},"end":{"line":69,"column":39}},"28":{"start":{"line":72,"column":16},"end":{"line":72,"column":35}},"29":{"start":{"line":73,"column":6},"end":{"line":73,"column":17}},"30":{"start":{"line":77,"column":16},"end":{"line":77,"column":57}},"31":{"start":{"line":78,"column":6},"end":{"line":78,"column":17}},"32":{"start":{"line":82,"column":16},"end":{"line":82,"column":70}},"33":{"start":{"line":83,"column":6},"end":{"line":83,"column":17}},"34":{"start":{"line":87,"column":16},"end":{"line":87,"column":67}},"35":{"start":{"line":88,"column":6},"end":{"line":88,"column":17}},"36":{"start":{"line":91,"column":4},"end":{"line":99,"column":5}},"37":{"start":{"line":92,"column":6},"end":{"line":92,"column":27}},"38":{"start":{"line":93,"column":11},"end":{"line":99,"column":5}},"39":{"start":{"line":94,"column":6},"end":{"line":94,"column":41}},"40":{"start":{"line":95,"column":11},"end":{"line":99,"column":5}},"41":{"start":{"line":96,"column":6},"end":{"line":96,"column":44}},"42":{"start":{"line":98,"column":6},"end":{"line":98,"column":31}},"43":{"start":{"line":102,"column":2},"end":{"line":167,"column":4}}},"fnMap":{"0":{"name":"Filter","decl":{"start":{"line":18,"column":24},"end":{"line":18,"column":30}},"loc":{"start":{"line":18,"column":33},"end":{"line":168,"column":1}},"line":18},"1":{"name":"(anonymous_1)","decl":{"start":{"line":23,"column":12},"end":{"line":23,"column":13}},"loc":{"start":{"line":23,"column":18},"end":{"line":29,"column":3}},"line":23},"2":{"name":"getAllPostsWrapper","decl":{"start":{"line":24,"column":19},"end":{"line":24,"column":37}},"loc":{"start":{"line":24,"column":40},"end":{"line":27,"column":5}},"line":24},"3":{"name":"(anonymous_3)","decl":{"start":{"line":31,"column":21},"end":{"line":31,"column":22}},"loc":{"start":{"line":31,"column":27},"end":{"line":33,"column":3}},"line":31},"4":{"name":"(anonymous_4)","decl":{"start":{"line":35,"column":31},"end":{"line":35,"column":32}},"loc":{"start":{"line":35,"column":42},"end":{"line":66,"column":3}},"line":35},"5":{"name":"getAllPostsWrapper","decl":{"start":{"line":38,"column":19},"end":{"line":38,"column":37}},"loc":{"start":{"line":38,"column":40},"end":{"line":41,"column":5}},"line":38},"6":{"name":"getFilteredPostByCategoryWrapper","decl":{"start":{"line":43,"column":19},"end":{"line":43,"column":51}},"loc":{"start":{"line":43,"column":54},"end":{"line":46,"column":5}},"line":43},"7":{"name":"getFilteredPostByHousingTypeWrapper","decl":{"start":{"line":48,"column":19},"end":{"line":48,"column":54}},"loc":{"start":{"line":48,"column":57},"end":{"line":51,"column":5}},"line":48},"8":{"name":"getFilteredPostWrapper","decl":{"start":{"line":53,"column":19},"end":{"line":53,"column":41}},"loc":{"start":{"line":53,"column":44},"end":{"line":56,"column":5}},"line":53},"9":{"name":"(anonymous_9)","decl":{"start":{"line":68,"column":34},"end":{"line":68,"column":35}},"loc":{"start":{"line":68,"column":45},"end":{"line":100,"column":3}},"line":68},"10":{"name":"getAllPostsWrapper","decl":{"start":{"line":71,"column":19},"end":{"line":71,"column":37}},"loc":{"start":{"line":71,"column":40},"end":{"line":74,"column":5}},"line":71},"11":{"name":"getFilteredPostByCategoryWrapper","decl":{"start":{"line":76,"column":19},"end":{"line":76,"column":51}},"loc":{"start":{"line":76,"column":54},"end":{"line":79,"column":5}},"line":76},"12":{"name":"getFilteredPostByHousingTypeWrapper","decl":{"start":{"line":81,"column":19},"end":{"line":81,"column":54}},"loc":{"start":{"line":81,"column":57},"end":{"line":84,"column":5}},"line":81},"13":{"name":"getFilteredPostWrapper","decl":{"start":{"line":86,"column":19},"end":{"line":86,"column":41}},"loc":{"start":{"line":86,"column":44},"end":{"line":89,"column":5}},"line":86}},"branchMap":{"0":{"loc":{"start":{"line":57,"column":4},"end":{"line":65,"column":5}},"type":"if","locations":[{"start":{"line":57,"column":4},"end":{"line":65,"column":5}},{"start":{"line":59,"column":11},"end":{"line":65,"column":5}}],"line":57},"1":{"loc":{"start":{"line":57,"column":8},"end":{"line":57,"column":55}},"type":"binary-expr","locations":[{"start":{"line":57,"column":8},"end":{"line":57,"column":26}},{"start":{"line":57,"column":30},"end":{"line":57,"column":55}}],"line":57},"2":{"loc":{"start":{"line":59,"column":11},"end":{"line":65,"column":5}},"type":"if","locations":[{"start":{"line":59,"column":11},"end":{"line":65,"column":5}},{"start":{"line":61,"column":11},"end":{"line":65,"column":5}}],"line":59},"3":{"loc":{"start":{"line":59,"column":15},"end":{"line":59,"column":62}},"type":"binary-expr","locations":[{"start":{"line":59,"column":15},"end":{"line":59,"column":33}},{"start":{"line":59,"column":37},"end":{"line":59,"column":62}}],"line":59},"4":{"loc":{"start":{"line":61,"column":11},"end":{"line":65,"column":5}},"type":"if","locations":[{"start":{"line":61,"column":11},"end":{"line":65,"column":5}},{"start":{"line":63,"column":11},"end":{"line":65,"column":5}}],"line":61},"5":{"loc":{"start":{"line":61,"column":15},"end":{"line":61,"column":62}},"type":"binary-expr","locations":[{"start":{"line":61,"column":15},"end":{"line":61,"column":40}},{"start":{"line":61,"column":44},"end":{"line":61,"column":62}}],"line":61},"6":{"loc":{"start":{"line":91,"column":4},"end":{"line":99,"column":5}},"type":"if","locations":[{"start":{"line":91,"column":4},"end":{"line":99,"column":5}},{"start":{"line":93,"column":11},"end":{"line":99,"column":5}}],"line":91},"7":{"loc":{"start":{"line":91,"column":8},"end":{"line":91,"column":52}},"type":"binary-expr","locations":[{"start":{"line":91,"column":8},"end":{"line":91,"column":33}},{"start":{"line":91,"column":37},"end":{"line":91,"column":52}}],"line":91},"8":{"loc":{"start":{"line":93,"column":11},"end":{"line":99,"column":5}},"type":"if","locations":[{"start":{"line":93,"column":11},"end":{"line":99,"column":5}},{"start":{"line":95,"column":11},"end":{"line":99,"column":5}}],"line":93},"9":{"loc":{"start":{"line":93,"column":15},"end":{"line":93,"column":59}},"type":"binary-expr","locations":[{"start":{"line":93,"column":15},"end":{"line":93,"column":40}},{"start":{"line":93,"column":44},"end":{"line":93,"column":59}}],"line":93},"10":{"loc":{"start":{"line":95,"column":11},"end":{"line":99,"column":5}},"type":"if","locations":[{"start":{"line":95,"column":11},"end":{"line":99,"column":5}},{"start":{"line":97,"column":11},"end":{"line":99,"column":5}}],"line":95},"11":{"loc":{"start":{"line":95,"column":15},"end":{"line":95,"column":59}},"type":"binary-expr","locations":[{"start":{"line":95,"column":15},"end":{"line":95,"column":30}},{"start":{"line":95,"column":34},"end":{"line":95,"column":59}}],"line":95}},"s":{"0":14,"1":14,"2":14,"3":14,"4":8,"5":7,"6":8,"7":14,"8":1,"9":14,"10":2,"11":1,"12":1,"13":1,"14":1,"15":0,"16":0,"17":0,"18":0,"19":2,"20":1,"21":1,"22":1,"23":0,"24":0,"25":0,"26":14,"27":4,"28":1,"29":1,"30":0,"31":0,"32":2,"33":2,"34":1,"35":0,"36":4,"37":1,"38":3,"39":0,"40":3,"41":2,"42":1,"43":14},"f":{"0":14,"1":8,"2":8,"3":1,"4":2,"5":1,"6":1,"7":0,"8":0,"9":4,"10":1,"11":0,"12":2,"13":1},"b":{"0":[1,1],"1":[2,2],"2":[1,0],"3":[1,1],"4":[0,0],"5":[0,0],"6":[1,3],"7":[4,1],"8":[0,3],"9":[3,0],"10":[2,1],"11":[3,2]},"_coverageSchema":"1a1c01bbd47fc00a2c39e90264f33305004495a9","hash":"bd1b5fa0d09407ed07cab7c480732c2f52a02549"}
,"/Users/jie/Desktop/penn-housing/penn-housing-review/src/components/FBMainHeader.js": {"path":"/Users/jie/Desktop/penn-housing/penn-housing-review/src/components/FBMainHeader.js","statementMap":{"0":{"start":{"line":6,"column":2},"end":{"line":10,"column":4}},"1":{"start":{"line":18,"column":19},"end":{"line":18,"column":51}},"2":{"start":{"line":19,"column":2},"end":{"line":24,"column":4}},"3":{"start":{"line":28,"column":2},"end":{"line":35,"column":4}}},"fnMap":{"0":{"name":"Logo","decl":{"start":{"line":5,"column":9},"end":{"line":5,"column":13}},"loc":{"start":{"line":5,"column":16},"end":{"line":11,"column":1}},"line":5},"1":{"name":"Profile","decl":{"start":{"line":17,"column":9},"end":{"line":17,"column":16}},"loc":{"start":{"line":17,"column":19},"end":{"line":25,"column":1}},"line":17},"2":{"name":"Header","decl":{"start":{"line":27,"column":24},"end":{"line":27,"column":30}},"loc":{"start":{"line":27,"column":33},"end":{"line":36,"column":1}},"line":27}},"branchMap":{},"s":{"0":3,"1":3,"2":3,"3":3},"f":{"0":3,"1":3,"2":3},"b":{},"_coverageSchema":"1a1c01bbd47fc00a2c39e90264f33305004495a9","hash":"5c593340656925bead651fdcdc3a82910d89705d"}
,"/Users/jie/Desktop/penn-housing/penn-housing-review/src/components/FBMainPage.js": {"path":"/Users/jie/Desktop/penn-housing/penn-housing-review/src/components/FBMainPage.js","statementMap":{"0":{"start":{"line":7,"column":2},"end":{"line":12,"column":4}}},"fnMap":{"0":{"name":"FBMain","decl":{"start":{"line":6,"column":24},"end":{"line":6,"column":30}},"loc":{"start":{"line":6,"column":33},"end":{"line":13,"column":1}},"line":6}},"branchMap":{},"s":{"0":1},"f":{"0":1},"b":{},"_coverageSchema":"1a1c01bbd47fc00a2c39e90264f33305004495a9","hash":"42ceb4712fed87033b9eac5056f287fd056df4e1"}
,"/Users/jie/Desktop/penn-housing/penn-housing-review/src/components/FBNotifyButtom.js": {"path":"/Users/jie/Desktop/penn-housing/penn-housing-review/src/components/FBNotifyButtom.js","statementMap":{"0":{"start":{"line":5,"column":23},"end":{"line":7,"column":3}},"1":{"start":{"line":6,"column":4},"end":{"line":6,"column":27}},"2":{"start":{"line":9,"column":2},"end":{"line":17,"column":4}}},"fnMap":{"0":{"name":"LikeButton","decl":{"start":{"line":4,"column":24},"end":{"line":4,"column":34}},"loc":{"start":{"line":4,"column":37},"end":{"line":18,"column":1}},"line":4},"1":{"name":"(anonymous_1)","decl":{"start":{"line":5,"column":23},"end":{"line":5,"column":24}},"loc":{"start":{"line":5,"column":34},"end":{"line":7,"column":3}},"line":5}},"branchMap":{},"s":{"0":5,"1":0,"2":5},"f":{"0":5,"1":0},"b":{},"_coverageSchema":"1a1c01bbd47fc00a2c39e90264f33305004495a9","hash":"663a03b04addadf6409bd48cf89069bf13209528"}
,"/Users/jie/Desktop/penn-housing/penn-housing-review/src/components/FBPostHeader.js": {"path":"/Users/jie/Desktop/penn-housing/penn-housing-review/src/components/FBPostHeader.js","statementMap":{"0":{"start":{"line":6,"column":2},"end":{"line":10,"column":4}},"1":{"start":{"line":14,"column":19},"end":{"line":14,"column":51}},"2":{"start":{"line":15,"column":2},"end":{"line":20,"column":4}},"3":{"start":{"line":24,"column":2},"end":{"line":30,"column":4}}},"fnMap":{"0":{"name":"Logo","decl":{"start":{"line":5,"column":9},"end":{"line":5,"column":13}},"loc":{"start":{"line":5,"column":16},"end":{"line":11,"column":1}},"line":5},"1":{"name":"Profile","decl":{"start":{"line":13,"column":9},"end":{"line":13,"column":16}},"loc":{"start":{"line":13,"column":19},"end":{"line":21,"column":1}},"line":13},"2":{"name":"Header","decl":{"start":{"line":23,"column":24},"end":{"line":23,"column":30}},"loc":{"start":{"line":23,"column":33},"end":{"line":31,"column":1}},"line":23}},"branchMap":{},"s":{"0":2,"1":2,"2":2,"3":2},"f":{"0":2,"1":2,"2":2},"b":{},"_coverageSchema":"1a1c01bbd47fc00a2c39e90264f33305004495a9","hash":"dabae982819617d5afaa8997259ea2b0d579ac63"}
,"/Users/jie/Desktop/penn-housing/penn-housing-review/src/components/FBPostLikeButton.js": {"path":"/Users/jie/Desktop/penn-housing/penn-housing-review/src/components/FBPostLikeButton.js","statementMap":{"0":{"start":{"line":8,"column":34},"end":{"line":8,"column":49}},"1":{"start":{"line":10,"column":21},"end":{"line":19,"column":3}},"2":{"start":{"line":11,"column":4},"end":{"line":11,"column":27}},"3":{"start":{"line":12,"column":4},"end":{"line":18,"column":5}},"4":{"start":{"line":13,"column":6},"end":{"line":13,"column":30}},"5":{"start":{"line":14,"column":6},"end":{"line":14,"column":37}},"6":{"start":{"line":16,"column":6},"end":{"line":16,"column":34}},"7":{"start":{"line":17,"column":6},"end":{"line":17,"column":33}},"8":{"start":{"line":20,"column":2},"end":{"line":38,"column":4}},"9":{"start":{"line":41,"column":0},"end":{"line":44,"column":2}}},"fnMap":{"0":{"name":"LikeButton","decl":{"start":{"line":7,"column":24},"end":{"line":7,"column":34}},"loc":{"start":{"line":7,"column":51},"end":{"line":39,"column":1}},"line":7},"1":{"name":"(anonymous_1)","decl":{"start":{"line":10,"column":21},"end":{"line":10,"column":22}},"loc":{"start":{"line":10,"column":27},"end":{"line":19,"column":3}},"line":10}},"branchMap":{"0":{"loc":{"start":{"line":12,"column":4},"end":{"line":18,"column":5}},"type":"if","locations":[{"start":{"line":12,"column":4},"end":{"line":18,"column":5}},{"start":{"line":15,"column":11},"end":{"line":18,"column":5}}],"line":12},"1":{"loc":{"start":{"line":24,"column":11},"end":{"line":29,"column":11}},"type":"binary-expr","locations":[{"start":{"line":24,"column":11},"end":{"line":24,"column":20}},{"start":{"line":25,"column":12},"end":{"line":28,"column":14}}],"line":24},"2":{"loc":{"start":{"line":30,"column":11},"end":{"line":32,"column":11}},"type":"binary-expr","locations":[{"start":{"line":30,"column":11},"end":{"line":30,"column":19}},{"start":{"line":31,"column":12},"end":{"line":31,"column":77}}],"line":30}},"s":{"0":4,"1":4,"2":0,"3":0,"4":0,"5":0,"6":0,"7":0,"8":4,"9":3},"f":{"0":4,"1":0},"b":{"0":[0,0],"1":[4,4],"2":[4,0]},"_coverageSchema":"1a1c01bbd47fc00a2c39e90264f33305004495a9","hash":"302e1f45e975e3c597f06f8d9945a76b640324a3"}
,"/Users/jie/Desktop/penn-housing/penn-housing-review/src/components/FBPostList.js": {"path":"/Users/jie/Desktop/penn-housing/penn-housing-review/src/components/FBPostList.js","statementMap":{"0":{"start":{"line":16,"column":26},"end":{"line":16,"column":37}},"1":{"start":{"line":17,"column":42},"end":{"line":17,"column":53}},"2":{"start":{"line":19,"column":2},"end":{"line":21,"column":3}},"3":{"start":{"line":20,"column":4},"end":{"line":20,"column":14}},"4":{"start":{"line":23,"column":19},"end":{"line":23,"column":20}},"5":{"start":{"line":25,"column":16},"end":{"line":25,"column":49}},"6":{"start":{"line":26,"column":19},"end":{"line":26,"column":48}},"7":{"start":{"line":28,"column":23},"end":{"line":31,"column":3}},"8":{"start":{"line":29,"column":4},"end":{"line":29,"column":15}},"9":{"start":{"line":30,"column":4},"end":{"line":30,"column":21}},"10":{"start":{"line":33,"column":24},"end":{"line":39,"column":3}},"11":{"start":{"line":34,"column":4},"end":{"line":38,"column":5}},"12":{"start":{"line":35,"column":6},"end":{"line":35,"column":25}},"13":{"start":{"line":37,"column":6},"end":{"line":37,"column":27}},"14":{"start":{"line":41,"column":2},"end":{"line":80,"column":4}},"15":{"start":{"line":45,"column":10},"end":{"line":68,"column":16}},"16":{"start":{"line":53,"column":47},"end":{"line":53,"column":66}},"17":{"start":{"line":83,"column":0},"end":{"line":93,"column":2}},"18":{"start":{"line":95,"column":0},"end":{"line":97,"column":2}}},"fnMap":{"0":{"name":"PostList","decl":{"start":{"line":15,"column":24},"end":{"line":15,"column":32}},"loc":{"start":{"line":15,"column":43},"end":{"line":81,"column":1}},"line":15},"1":{"name":"(anonymous_1)","decl":{"start":{"line":28,"column":23},"end":{"line":28,"column":24}},"loc":{"start":{"line":28,"column":33},"end":{"line":31,"column":3}},"line":28},"2":{"name":"(anonymous_2)","decl":{"start":{"line":33,"column":24},"end":{"line":33,"column":25}},"loc":{"start":{"line":33,"column":33},"end":{"line":39,"column":3}},"line":33},"3":{"name":"(anonymous_3)","decl":{"start":{"line":44,"column":36},"end":{"line":44,"column":37}},"loc":{"start":{"line":45,"column":10},"end":{"line":68,"column":16}},"line":45},"4":{"name":"(anonymous_4)","decl":{"start":{"line":53,"column":41},"end":{"line":53,"column":42}},"loc":{"start":{"line":53,"column":47},"end":{"line":53,"column":66}},"line":53}},"branchMap":{"0":{"loc":{"start":{"line":19,"column":2},"end":{"line":21,"column":3}},"type":"if","locations":[{"start":{"line":19,"column":2},"end":{"line":21,"column":3}},{"start":{},"end":{}}],"line":19},"1":{"loc":{"start":{"line":34,"column":4},"end":{"line":38,"column":5}},"type":"if","locations":[{"start":{"line":34,"column":4},"end":{"line":38,"column":5}},{"start":{"line":36,"column":11},"end":{"line":38,"column":5}}],"line":34},"2":{"loc":{"start":{"line":64,"column":13},"end":{"line":66,"column":13}},"type":"binary-expr","locations":[{"start":{"line":64,"column":13},"end":{"line":64,"column":34}},{"start":{"line":65,"column":14},"end":{"line":65,"column":65}}],"line":64}},"s":{"0":15,"1":15,"2":15,"3":0,"4":15,"5":15,"6":15,"7":15,"8":0,"9":0,"10":15,"11":0,"12":0,"13":0,"14":15,"15":4,"16":0,"17":3,"18":3},"f":{"0":15,"1":0,"2":0,"3":4,"4":0},"b":{"0":[0,15],"1":[0,0],"2":[4,0]},"_coverageSchema":"1a1c01bbd47fc00a2c39e90264f33305004495a9","hash":"866f8823de2db4b981381b3716f06a49d087bf73"}
,"/Users/jie/Desktop/penn-housing/penn-housing-review/src/components/FBPostMainPage.js": {"path":"/Users/jie/Desktop/penn-housing/penn-housing-review/src/components/FBPostMainPage.js","statementMap":{"0":{"start":{"line":6,"column":2},"end":{"line":11,"column":4}}},"fnMap":{"0":{"name":"FBPostMainPage","decl":{"start":{"line":5,"column":9},"end":{"line":5,"column":23}},"loc":{"start":{"line":5,"column":26},"end":{"line":12,"column":1}},"line":5}},"branchMap":{},"s":{"0":1},"f":{"0":1},"b":{},"_coverageSchema":"1a1c01bbd47fc00a2c39e90264f33305004495a9","hash":"0c0b84e13371e97307fe5e4c0a198f896991880f"}
,"/Users/jie/Desktop/penn-housing/penn-housing-review/src/components/FBPostPage.js": {"path":"/Users/jie/Desktop/penn-housing/penn-housing-review/src/components/FBPostPage.js","statementMap":{"0":{"start":{"line":15,"column":49},"end":{"line":15,"column":69}},"1":{"start":{"line":16,"column":51},"end":{"line":16,"column":71}},"2":{"start":{"line":17,"column":40},"end":{"line":17,"column":52}},"3":{"start":{"line":18,"column":28},"end":{"line":18,"column":40}},"4":{"start":{"line":19,"column":32},"end":{"line":19,"column":44}},"5":{"start":{"line":20,"column":34},"end":{"line":20,"column":46}},"6":{"start":{"line":21,"column":42},"end":{"line":21,"column":57}},"7":{"start":{"line":23,"column":36},"end":{"line":34,"column":3}},"8":{"start":{"line":24,"column":4},"end":{"line":33,"column":5}},"9":{"start":{"line":25,"column":6},"end":{"line":25,"column":39}},"10":{"start":{"line":26,"column":6},"end":{"line":28,"column":7}},"11":{"start":{"line":27,"column":8},"end":{"line":27,"column":41}},"12":{"start":{"line":29,"column":6},"end":{"line":29,"column":41}},"13":{"start":{"line":31,"column":6},"end":{"line":31,"column":38}},"14":{"start":{"line":32,"column":6},"end":{"line":32,"column":25}},"15":{"start":{"line":36,"column":36},"end":{"line":47,"column":3}},"16":{"start":{"line":37,"column":4},"end":{"line":46,"column":5}},"17":{"start":{"line":38,"column":6},"end":{"line":38,"column":40}},"18":{"start":{"line":39,"column":6},"end":{"line":41,"column":7}},"19":{"start":{"line":40,"column":8},"end":{"line":40,"column":40}},"20":{"start":{"line":42,"column":6},"end":{"line":42,"column":41}},"21":{"start":{"line":44,"column":6},"end":{"line":44,"column":39}},"22":{"start":{"line":45,"column":6},"end":{"line":45,"column":25}},"23":{"start":{"line":49,"column":28},"end":{"line":51,"column":3}},"24":{"start":{"line":50,"column":4},"end":{"line":50,"column":33}},"25":{"start":{"line":53,"column":30},"end":{"line":55,"column":3}},"26":{"start":{"line":54,"column":4},"end":{"line":54,"column":35}},"27":{"start":{"line":57,"column":31},"end":{"line":59,"column":3}},"28":{"start":{"line":58,"column":4},"end":{"line":58,"column":36}},"29":{"start":{"line":61,"column":23},"end":{"line":78,"column":3}},"30":{"start":{"line":66,"column":23},"end":{"line":66,"column":78}},"31":{"start":{"line":67,"column":6},"end":{"line":67,"column":40}},"32":{"start":{"line":68,"column":6},"end":{"line":68,"column":22}},"33":{"start":{"line":70,"column":4},"end":{"line":77,"column":5}},"34":{"start":{"line":71,"column":6},"end":{"line":71,"column":28}},"35":{"start":{"line":73,"column":6},"end":{"line":73,"column":29}},"36":{"start":{"line":74,"column":6},"end":{"line":74,"column":26}},"37":{"start":{"line":75,"column":6},"end":{"line":75,"column":34}},"38":{"start":{"line":76,"column":6},"end":{"line":76,"column":38}},"39":{"start":{"line":80,"column":2},"end":{"line":189,"column":4}}},"fnMap":{"0":{"name":"FBPostPage","decl":{"start":{"line":14,"column":24},"end":{"line":14,"column":34}},"loc":{"start":{"line":14,"column":37},"end":{"line":190,"column":1}},"line":14},"1":{"name":"(anonymous_1)","decl":{"start":{"line":23,"column":36},"end":{"line":23,"column":37}},"loc":{"start":{"line":23,"column":47},"end":{"line":34,"column":3}},"line":23},"2":{"name":"(anonymous_2)","decl":{"start":{"line":36,"column":36},"end":{"line":36,"column":37}},"loc":{"start":{"line":36,"column":47},"end":{"line":47,"column":3}},"line":36},"3":{"name":"(anonymous_3)","decl":{"start":{"line":49,"column":28},"end":{"line":49,"column":29}},"loc":{"start":{"line":49,"column":39},"end":{"line":51,"column":3}},"line":49},"4":{"name":"(anonymous_4)","decl":{"start":{"line":53,"column":30},"end":{"line":53,"column":31}},"loc":{"start":{"line":53,"column":41},"end":{"line":55,"column":3}},"line":53},"5":{"name":"(anonymous_5)","decl":{"start":{"line":57,"column":31},"end":{"line":57,"column":32}},"loc":{"start":{"line":57,"column":42},"end":{"line":59,"column":3}},"line":57},"6":{"name":"(anonymous_6)","decl":{"start":{"line":61,"column":23},"end":{"line":61,"column":24}},"loc":{"start":{"line":61,"column":29},"end":{"line":78,"column":3}},"line":61},"7":{"name":"addNewPostWrapper","decl":{"start":{"line":65,"column":19},"end":{"line":65,"column":36}},"loc":{"start":{"line":65,"column":39},"end":{"line":69,"column":5}},"line":65}},"branchMap":{"0":{"loc":{"start":{"line":24,"column":4},"end":{"line":33,"column":5}},"type":"if","locations":[{"start":{"line":24,"column":4},"end":{"line":33,"column":5}},{"start":{"line":30,"column":11},"end":{"line":33,"column":5}}],"line":24},"1":{"loc":{"start":{"line":26,"column":6},"end":{"line":28,"column":7}},"type":"if","locations":[{"start":{"line":26,"column":6},"end":{"line":28,"column":7}},{"start":{},"end":{}}],"line":26},"2":{"loc":{"start":{"line":37,"column":4},"end":{"line":46,"column":5}},"type":"if","locations":[{"start":{"line":37,"column":4},"end":{"line":46,"column":5}},{"start":{"line":43,"column":11},"end":{"line":46,"column":5}}],"line":37},"3":{"loc":{"start":{"line":39,"column":6},"end":{"line":41,"column":7}},"type":"if","locations":[{"start":{"line":39,"column":6},"end":{"line":41,"column":7}},{"start":{},"end":{}}],"line":39},"4":{"loc":{"start":{"line":70,"column":4},"end":{"line":77,"column":5}},"type":"if","locations":[{"start":{"line":70,"column":4},"end":{"line":77,"column":5}},{"start":{"line":72,"column":11},"end":{"line":77,"column":5}}],"line":70},"5":{"loc":{"start":{"line":70,"column":8},"end":{"line":70,"column":79}},"type":"binary-expr","locations":[{"start":{"line":70,"column":8},"end":{"line":70,"column":20}},{"start":{"line":70,"column":24},"end":{"line":70,"column":38}},{"start":{"line":70,"column":42},"end":{"line":70,"column":57}},{"start":{"line":70,"column":61},"end":{"line":70,"column":79}}],"line":70},"6":{"loc":{"start":{"line":83,"column":7},"end":{"line":85,"column":7}},"type":"binary-expr","locations":[{"start":{"line":83,"column":7},"end":{"line":83,"column":19}},{"start":{"line":84,"column":8},"end":{"line":84,"column":74}}],"line":83}},"s":{"0":21,"1":21,"2":21,"3":21,"4":21,"5":21,"6":21,"7":21,"8":3,"9":2,"10":2,"11":0,"12":2,"13":1,"14":1,"15":21,"16":3,"17":2,"18":2,"19":0,"20":2,"21":1,"22":1,"23":21,"24":0,"25":21,"26":0,"27":21,"28":2,"29":21,"30":0,"31":0,"32":0,"33":0,"34":0,"35":0,"36":0,"37":0,"38":0,"39":21},"f":{"0":21,"1":3,"2":3,"3":0,"4":0,"5":2,"6":0,"7":0},"b":{"0":[2,1],"1":[0,2],"2":[2,1],"3":[0,2],"4":[0,0],"5":[0,0,0,0],"6":[21,0]},"_coverageSchema":"1a1c01bbd47fc00a2c39e90264f33305004495a9","hash":"f4e7a94ffb96e6eccfe04eb983551156f649fcfa"}
}
