TN:
SF:src/api/FBMainAPI.js
FN:5,(anonymous_0)
FN:17,(anonymous_1)
FN:29,(anonymous_2)
FN:41,(anonymous_3)
FN:53,(anonymous_4)
FNF:5
FNH:4
FNDA:10,(anonymous_0)
FNDA:1,(anonymous_1)
FNDA:2,(anonymous_2)
FNDA:2,(anonymous_3)
FNDA:0,(anonymous_4)
DA:5,5
DA:6,10
DA:7,10
DA:9,9
DA:13,0
DA:17,5
DA:18,1
DA:19,1
DA:20,1
DA:22,0
DA:25,0
DA:29,5
DA:30,2
DA:31,2
DA:32,2
DA:34,2
DA:37,0
DA:41,5
DA:42,2
DA:43,2
DA:44,2
DA:46,2
DA:49,0
DA:53,5
DA:54,0
DA:55,0
DA:59,0
DA:61,0
LF:28
LH:19
BRF:0
BRH:0
end_of_record
TN:
SF:src/api/FBNewPostAPI.js
FN:5,(anonymous_0)
FNF:1
FNH:1
FNDA:1,(anonymous_0)
DA:5,3
DA:6,1
DA:7,1
DA:8,1
DA:9,1
DA:10,1
DA:11,1
DA:13,1
DA:14,1
DA:16,0
LF:10
LH:9
BRF:0
BRH:0
end_of_record
TN:
SF:src/components/FBMainFilter.js
FN:8,Filter
FN:14,(anonymous_1)
FN:15,getAllPostsWrapper
FN:24,(anonymous_3)
FN:28,(anonymous_4)
FN:31,getAllPostsWrapper
FN:36,getFilteredPostByCategoryWrapper
FN:41,getFilteredPostByHousingTypeWrapper
FN:46,getFilteredPostWrapper
FN:62,(anonymous_9)
FN:65,getAllPostsWrapper
FN:70,getFilteredPostByCategoryWrapper
FN:75,getFilteredPostByHousingTypeWrapper
FN:80,getFilteredPostWrapper
FNF:14
FNH:11
FNDA:14,Filter
FNDA:8,(anonymous_1)
FNDA:8,getAllPostsWrapper
FNDA:1,(anonymous_3)
FNDA:2,(anonymous_4)
FNDA:1,getAllPostsWrapper
FNDA:1,getFilteredPostByCategoryWrapper
FNDA:0,getFilteredPostByHousingTypeWrapper
FNDA:0,getFilteredPostWrapper
FNDA:4,(anonymous_9)
FNDA:1,getAllPostsWrapper
FNDA:0,getFilteredPostByCategoryWrapper
FNDA:2,getFilteredPostByHousingTypeWrapper
FNDA:1,getFilteredPostWrapper
DA:9,14
DA:10,14
DA:11,14
DA:14,14
DA:16,8
DA:17,7
DA:19,8
DA:24,14
DA:25,1
DA:28,14
DA:29,2
DA:32,1
DA:33,1
DA:37,1
DA:38,1
DA:42,0
DA:43,0
DA:47,0
DA:48,0
DA:50,2
DA:51,1
DA:52,1
DA:53,1
DA:54,0
DA:55,0
DA:57,0
DA:62,14
DA:63,4
DA:66,1
DA:67,1
DA:71,0
DA:72,0
DA:76,2
DA:77,2
DA:81,1
DA:82,0
DA:85,4
DA:86,1
DA:87,3
DA:88,0
DA:89,3
DA:90,2
DA:92,1
DA:96,14
LF:44
LH:33
BRDA:50,0,0,1
BRDA:50,0,1,1
BRDA:50,1,0,2
BRDA:50,1,1,2
BRDA:52,2,0,1
BRDA:52,2,1,0
BRDA:52,3,0,1
BRDA:52,3,1,1
BRDA:54,4,0,0
BRDA:54,4,1,0
BRDA:54,5,0,0
BRDA:54,5,1,0
BRDA:85,6,0,1
BRDA:85,6,1,3
BRDA:85,7,0,4
BRDA:85,7,1,1
BRDA:87,8,0,0
BRDA:87,8,1,3
BRDA:87,9,0,3
BRDA:87,9,1,0
BRDA:89,10,0,2
BRDA:89,10,1,1
BRDA:89,11,0,3
BRDA:89,11,1,2
BRF:24
BRH:17
end_of_record
TN:
SF:src/components/FBPostList.js
FN:8,PostList
FN:21,(anonymous_1)
FN:26,(anonymous_2)
FN:31,PostEntry
FN:49,(anonymous_4)
FNF:5
FNH:1
FNDA:15,PostList
FNDA:0,(anonymous_1)
FNDA:0,(anonymous_2)
FNDA:0,PostEntry
FNDA:0,(anonymous_4)
DA:9,15
DA:10,15
DA:12,15
DA:13,0
DA:16,15
DA:18,15
DA:19,15
DA:21,15
DA:22,0
DA:23,0
DA:26,15
DA:27,0
DA:32,0
DA:46,15
DA:50,0
LF:15
LH:9
BRDA:12,0,0,0
BRDA:12,0,1,15
BRF:2
BRH:1
end_of_record
TN:
SF:src/components/FBPostPage.js
FN:10,FBPostPage
FN:19,(anonymous_1)
FN:34,(anonymous_2)
FN:48,(anonymous_3)
FN:52,(anonymous_4)
FN:56,(anonymous_5)
FN:60,(anonymous_6)
FN:61,addNewPostWrapper
FNF:8
FNH:4
FNDA:21,FBPostPage
FNDA:3,(anonymous_1)
FNDA:3,(anonymous_2)
FNDA:0,(anonymous_3)
FNDA:0,(anonymous_4)
FNDA:2,(anonymous_5)
FNDA:0,(anonymous_6)
FNDA:0,addNewPostWrapper
DA:11,21
DA:12,21
DA:13,21
DA:14,21
DA:15,21
DA:16,21
DA:17,21
DA:19,21
DA:20,3
DA:21,2
DA:22,2
DA:23,0
DA:25,2
DA:28,1
DA:29,1
DA:34,21
DA:35,3
DA:36,2
DA:37,2
DA:38,0
DA:40,2
DA:43,1
DA:44,1
DA:48,21
DA:49,0
DA:52,21
DA:53,0
DA:56,21
DA:57,2
DA:60,21
DA:62,0
DA:63,0
DA:64,0
DA:66,0
DA:71,21
LF:35
LH:27
BRDA:20,0,0,2
BRDA:20,0,1,1
BRDA:22,1,0,0
BRDA:22,1,1,2
BRDA:35,2,0,2
BRDA:35,2,1,1
BRDA:37,3,0,0
BRDA:37,3,1,2
BRF:8
BRH:6
end_of_record
