<?xml version="1.0" encoding="UTF-8"?>
<coverage generated="1679523251864" clover="3.2.0">
  <project timestamp="1679523251864" name="All files">
    <metrics statements="38" coveredstatements="28" conditionals="8" coveredconditionals="5" methods="11" coveredmethods="7" elements="57" coveredelements="40" complexity="0" loc="38" ncloc="38" packages="1" files="2" classes="2"/>
    <file name="FBPostHeader.js" path="/Users/jie/Desktop/penn-housing-review/src/components/FBPostHeader.js">
      <metrics statements="3" coveredstatements="3" conditionals="0" coveredconditionals="0" methods="3" coveredmethods="3"/>
      <line num="6" count="1" type="stmt"/>
      <line num="15" count="1" type="stmt"/>
      <line num="19" count="1" type="stmt"/>
    </file>
    <file name="FBPostPage.js" path="/Users/jie/Desktop/penn-housing-review/src/components/FBPostPage.js">
      <metrics statements="35" coveredstatements="25" conditionals="8" coveredconditionals="5" methods="8" coveredmethods="4"/>
      <line num="11" count="20" type="stmt"/>
      <line num="12" count="19" type="stmt"/>
      <line num="13" count="19" type="stmt"/>
      <line num="14" count="19" type="stmt"/>
      <line num="15" count="19" type="stmt"/>
      <line num="16" count="19" type="stmt"/>
      <line num="17" count="19" type="stmt"/>
      <line num="19" count="19" type="stmt"/>
      <line num="20" count="3" type="cond" truecount="2" falsecount="0"/>
      <line num="21" count="2" type="stmt"/>
      <line num="22" count="2" type="cond" truecount="1" falsecount="1"/>
      <line num="23" count="0" type="stmt"/>
      <line num="25" count="2" type="stmt"/>
      <line num="28" count="1" type="stmt"/>
      <line num="29" count="1" type="stmt"/>
      <line num="34" count="19" type="stmt"/>
      <line num="35" count="2" type="cond" truecount="1" falsecount="1"/>
      <line num="36" count="2" type="stmt"/>
      <line num="37" count="2" type="cond" truecount="1" falsecount="1"/>
      <line num="38" count="0" type="stmt"/>
      <line num="40" count="2" type="stmt"/>
      <line num="43" count="0" type="stmt"/>
      <line num="44" count="0" type="stmt"/>
      <line num="48" count="19" type="stmt"/>
      <line num="49" count="0" type="stmt"/>
      <line num="52" count="19" type="stmt"/>
      <line num="53" count="0" type="stmt"/>
      <line num="56" count="19" type="stmt"/>
      <line num="57" count="2" type="stmt"/>
      <line num="60" count="19" type="stmt"/>
      <line num="62" count="0" type="stmt"/>
      <line num="63" count="0" type="stmt"/>
      <line num="64" count="0" type="stmt"/>
      <line num="66" count="0" type="stmt"/>
      <line num="71" count="19" type="stmt"/>
    </file>
  </project>
</coverage>
