{"/Users/jie/Desktop/penn-housing-review/src/components/FBPostHeader.js": {"path":"/Users/jie/Desktop/penn-housing-review/src/components/FBPostHeader.js","statementMap":{"0":{"start":{"line":6,"column":4},"end":{"line":10,"column":5}},"1":{"start":{"line":15,"column":4},"end":{"line":15,"column":71}},"2":{"start":{"line":19,"column":0},"end":{"line":25,"column":2}}},"fnMap":{"0":{"name":"Logo","decl":{"start":{"line":5,"column":9},"end":{"line":5,"column":13}},"loc":{"start":{"line":5,"column":16},"end":{"line":11,"column":1}},"line":5},"1":{"name":"Profile","decl":{"start":{"line":14,"column":9},"end":{"line":14,"column":16}},"loc":{"start":{"line":14,"column":31},"end":{"line":16,"column":1}},"line":14},"2":{"name":"Header","decl":{"start":{"line":18,"column":24},"end":{"line":18,"column":30}},"loc":{"start":{"line":18,"column":33},"end":{"line":26,"column":1}},"line":18}},"branchMap":{},"s":{"0":1,"1":1,"2":1},"f":{"0":1,"1":1,"2":1},"b":{},"_coverageSchema":"1a1c01bbd47fc00a2c39e90264f33305004495a9","hash":"d78f714114b17254215791fc114d6688384c213c"}
,"/Users/jie/Desktop/penn-housing-review/src/components/FBPostPage.js": {"path":"/Users/jie/Desktop/penn-housing-review/src/components/FBPostPage.js","statementMap":{"0":{"start":{"line":11,"column":51},"end":{"line":11,"column":71}},"1":{"start":{"line":12,"column":53},"end":{"line":12,"column":73}},"2":{"start":{"line":13,"column":42},"end":{"line":13,"column":54}},"3":{"start":{"line":14,"column":30},"end":{"line":14,"column":42}},"4":{"start":{"line":15,"column":34},"end":{"line":15,"column":46}},"5":{"start":{"line":16,"column":36},"end":{"line":16,"column":48}},"6":{"start":{"line":17,"column":40},"end":{"line":17,"column":52}},"7":{"start":{"line":19,"column":38},"end":{"line":32,"column":5}},"8":{"start":{"line":20,"column":8},"end":{"line":30,"column":9}},"9":{"start":{"line":21,"column":12},"end":{"line":21,"column":45}},"10":{"start":{"line":22,"column":12},"end":{"line":24,"column":13}},"11":{"start":{"line":23,"column":16},"end":{"line":23,"column":49}},"12":{"start":{"line":25,"column":12},"end":{"line":25,"column":47}},"13":{"start":{"line":28,"column":12},"end":{"line":28,"column":44}},"14":{"start":{"line":29,"column":12},"end":{"line":29,"column":31}},"15":{"start":{"line":34,"column":38},"end":{"line":46,"column":5}},"16":{"start":{"line":35,"column":8},"end":{"line":45,"column":9}},"17":{"start":{"line":36,"column":12},"end":{"line":36,"column":46}},"18":{"start":{"line":37,"column":12},"end":{"line":39,"column":13}},"19":{"start":{"line":38,"column":16},"end":{"line":38,"column":48}},"20":{"start":{"line":40,"column":12},"end":{"line":40,"column":47}},"21":{"start":{"line":43,"column":12},"end":{"line":43,"column":45}},"22":{"start":{"line":44,"column":12},"end":{"line":44,"column":31}},"23":{"start":{"line":48,"column":30},"end":{"line":50,"column":5}},"24":{"start":{"line":49,"column":8},"end":{"line":49,"column":37}},"25":{"start":{"line":52,"column":32},"end":{"line":54,"column":5}},"26":{"start":{"line":53,"column":8},"end":{"line":53,"column":39}},"27":{"start":{"line":56,"column":33},"end":{"line":58,"column":5}},"28":{"start":{"line":57,"column":8},"end":{"line":57,"column":40}},"29":{"start":{"line":60,"column":24},"end":{"line":67,"column":5}},"30":{"start":{"line":62,"column":29},"end":{"line":62,"column":84}},"31":{"start":{"line":63,"column":12},"end":{"line":63,"column":46}},"32":{"start":{"line":64,"column":12},"end":{"line":64,"column":28}},"33":{"start":{"line":66,"column":8},"end":{"line":66,"column":28}},"34":{"start":{"line":71,"column":4},"end":{"line":170,"column":6}}},"fnMap":{"0":{"name":"FBPostPage","decl":{"start":{"line":10,"column":24},"end":{"line":10,"column":34}},"loc":{"start":{"line":10,"column":37},"end":{"line":171,"column":1}},"line":10},"1":{"name":"(anonymous_1)","decl":{"start":{"line":19,"column":38},"end":{"line":19,"column":39}},"loc":{"start":{"line":19,"column":49},"end":{"line":32,"column":5}},"line":19},"2":{"name":"(anonymous_2)","decl":{"start":{"line":34,"column":38},"end":{"line":34,"column":39}},"loc":{"start":{"line":34,"column":49},"end":{"line":46,"column":5}},"line":34},"3":{"name":"(anonymous_3)","decl":{"start":{"line":48,"column":30},"end":{"line":48,"column":31}},"loc":{"start":{"line":48,"column":41},"end":{"line":50,"column":5}},"line":48},"4":{"name":"(anonymous_4)","decl":{"start":{"line":52,"column":32},"end":{"line":52,"column":33}},"loc":{"start":{"line":52,"column":43},"end":{"line":54,"column":5}},"line":52},"5":{"name":"(anonymous_5)","decl":{"start":{"line":56,"column":33},"end":{"line":56,"column":34}},"loc":{"start":{"line":56,"column":44},"end":{"line":58,"column":5}},"line":56},"6":{"name":"(anonymous_6)","decl":{"start":{"line":60,"column":24},"end":{"line":60,"column":25}},"loc":{"start":{"line":60,"column":35},"end":{"line":67,"column":5}},"line":60},"7":{"name":"addNewPostWrapper","decl":{"start":{"line":61,"column":23},"end":{"line":61,"column":40}},"loc":{"start":{"line":61,"column":43},"end":{"line":65,"column":9}},"line":61}},"branchMap":{"0":{"loc":{"start":{"line":20,"column":8},"end":{"line":30,"column":9}},"type":"if","locations":[{"start":{"line":20,"column":8},"end":{"line":30,"column":9}},{"start":{"line":27,"column":13},"end":{"line":30,"column":9}}],"line":20},"1":{"loc":{"start":{"line":22,"column":12},"end":{"line":24,"column":13}},"type":"if","locations":[{"start":{"line":22,"column":12},"end":{"line":24,"column":13}},{"start":{},"end":{}}],"line":22},"2":{"loc":{"start":{"line":35,"column":8},"end":{"line":45,"column":9}},"type":"if","locations":[{"start":{"line":35,"column":8},"end":{"line":45,"column":9}},{"start":{"line":42,"column":13},"end":{"line":45,"column":9}}],"line":35},"3":{"loc":{"start":{"line":37,"column":12},"end":{"line":39,"column":13}},"type":"if","locations":[{"start":{"line":37,"column":12},"end":{"line":39,"column":13}},{"start":{},"end":{}}],"line":37}},"s":{"0":20,"1":19,"2":19,"3":19,"4":19,"5":19,"6":19,"7":19,"8":3,"9":2,"10":2,"11":0,"12":2,"13":1,"14":1,"15":19,"16":2,"17":2,"18":2,"19":0,"20":2,"21":0,"22":0,"23":19,"24":0,"25":19,"26":0,"27":19,"28":2,"29":19,"30":0,"31":0,"32":0,"33":0,"34":19},"f":{"0":20,"1":3,"2":2,"3":0,"4":0,"5":2,"6":0,"7":0},"b":{"0":[2,1],"1":[0,2],"2":[2,0],"3":[0,2]},"_coverageSchema":"1a1c01bbd47fc00a2c39e90264f33305004495a9","hash":"1395844d845c7ed3813382327b5aed4a0f93595e"}
}
