TN:
SF:src/components/FBPostHeader.js
FN:5,Logo
FN:14,Profile
FN:18,Header
FNF:3
FNH:3
FNDA:1,Logo
FNDA:1,Profile
FNDA:1,Header
DA:6,1
DA:15,1
DA:19,1
LF:3
LH:3
BRF:0
BRH:0
end_of_record
TN:
SF:src/components/FBPostPage.js
FN:10,FBPostPage
FN:19,(anonymous_1)
FN:34,(anonymous_2)
FN:48,(anonymous_3)
FN:52,(anonymous_4)
FN:56,(anonymous_5)
FN:60,(anonymous_6)
FN:61,addNewPostWrapper
FNF:8
FNH:4
FNDA:20,FBPostPage
FNDA:3,(anonymous_1)
FNDA:2,(anonymous_2)
FNDA:0,(anonymous_3)
FNDA:0,(anonymous_4)
FNDA:2,(anonymous_5)
FNDA:0,(anonymous_6)
FNDA:0,addNewPostWrapper
DA:11,20
DA:12,19
DA:13,19
DA:14,19
DA:15,19
DA:16,19
DA:17,19
DA:19,19
DA:20,3
DA:21,2
DA:22,2
DA:23,0
DA:25,2
DA:28,1
DA:29,1
DA:34,19
DA:35,2
DA:36,2
DA:37,2
DA:38,0
DA:40,2
DA:43,0
DA:44,0
DA:48,19
DA:49,0
DA:52,19
DA:53,0
DA:56,19
DA:57,2
DA:60,19
DA:62,0
DA:63,0
DA:64,0
DA:66,0
DA:71,19
LF:35
LH:25
BRDA:20,0,0,2
BRDA:20,0,1,1
BRDA:22,1,0,0
BRDA:22,1,1,2
BRDA:35,2,0,2
BRDA:35,2,1,0
BRDA:37,3,0,0
BRDA:37,3,1,2
BRF:8
BRH:5
end_of_record
